Log file open, 05/31/22 03:22:27
LogWindows: Failed to load 'aqProf.dll' (GetLastError=126)
LogWindows: File 'aqProf.dll' does not exist
LogWindows: Failed to load 'VtuneApi.dll' (GetLastError=126)
LogWindows: File 'VtuneApi.dll' does not exist
LogWindows: Failed to load 'VtuneApi32e.dll' (GetLastError=126)
LogWindows: File 'VtuneApi32e.dll' does not exist
LogConsoleResponse: Display: Failed to find resolution value strings in scalability ini. Falling back to default.
LogConsoleResponse: Display: Failed to find resolution value strings in scalability ini. Falling back to default.
LogInit: Display: Running engine for game: P_TP2_00
LogPlatformFile: Not using cached read wrapper
LogTaskGraph: Started task graph with 5 named threads and 11 total threads with 3 sets of task threads.
LogStats: Stats thread started at 0.522802
LogICUInternationalization: ICU TimeZone Detection - Raw Offset: -3:00, Platform Override: ''
LogInit: Display: Loading text-based GConfig....
LogPluginManager: Mounting plugin MeshPainting
LogPluginManager: Mounting plugin XGEController
LogPluginManager: Mounting plugin Paper2D
LogPluginManager: Mounting plugin LiveLink
LogPluginManager: Mounting plugin EnvironmentQueryEditor
LogPluginManager: Mounting plugin AISupport
LogPluginManager: Mounting plugin LightPropagationVolume
LogPluginManager: Mounting plugin CameraShakePreviewer
LogPluginManager: Mounting plugin GameplayCameras
LogPluginManager: Mounting plugin OodleData
LogPluginManager: Mounting plugin OodleNetwork
LogPluginManager: Mounting plugin AssetManagerEditor
LogPluginManager: Mounting plugin CurveEditorTools
LogPluginManager: Mounting plugin CryptoKeys
LogPluginManager: Mounting plugin DataValidation
LogPluginManager: Mounting plugin FacialAnimation
LogPluginManager: Mounting plugin GameplayTagsEditor
LogPluginManager: Mounting plugin GeometryMode
LogPluginManager: Mounting plugin MacGraphicsSwitching
LogPluginManager: Mounting plugin MaterialAnalyzer
LogPluginManager: Mounting plugin PluginBrowser
LogPluginManager: Mounting plugin MobileLauncherProfileWizard
LogPluginManager: Mounting plugin SpeedTreeImporter
LogPluginManager: Mounting plugin AnimationSharing
LogPluginManager: Mounting plugin CodeLiteSourceCodeAccess
LogPluginManager: Mounting plugin CLionSourceCodeAccess
LogPluginManager: Mounting plugin KDevelopSourceCodeAccess
LogPluginManager: Mounting plugin GitSourceControl
LogPluginManager: Mounting plugin NullSourceCodeAccess
LogPluginManager: Mounting plugin PerforceSourceControl
LogPluginManager: Mounting plugin PixWinPlugin
LogPluginManager: Mounting plugin PlasticSourceControl
LogPluginManager: Mounting plugin PropertyAccessNode
LogPluginManager: Mounting plugin PluginUtils
LogPluginManager: Mounting plugin RiderSourceCodeAccess
LogPluginManager: Mounting plugin RiderLink
LogPluginManager: Mounting plugin TextureFormatOodle
LogPluginManager: Mounting plugin SubversionSourceControl
LogPluginManager: Mounting plugin DatasmithContent
LogPluginManager: Mounting plugin UObjectPlugin
LogPluginManager: Mounting plugin VisualStudioCodeSourceCodeAccess
LogPluginManager: Mounting plugin VisualStudioSourceCodeAccess
LogPluginManager: Mounting plugin VariantManagerContent
LogPluginManager: Mounting plugin XCodeSourceCodeAccess
LogPluginManager: Mounting plugin AlembicImporter
LogPluginManager: Mounting plugin BackChannel
LogPluginManager: Mounting plugin AutomationUtils
LogPluginManager: Mounting plugin ChaosCloth
LogPluginManager: Mounting plugin ChaosClothEditor
LogPluginManager: Mounting plugin ChaosSolverPlugin
LogPluginManager: Mounting plugin ChaosEditor
LogPluginManager: Mounting plugin ChaosNiagara
LogPluginManager: Mounting plugin CharacterAI
LogPluginManager: Mounting plugin GeometryCache
LogPluginManager: Mounting plugin GeometryCollectionPlugin
LogPluginManager: Mounting plugin Niagara
LogPluginManager: Mounting plugin GeometryProcessing
LogPluginManager: Mounting plugin OpenImageDenoise
LogPluginManager: Mounting plugin MotoSynth
LogPluginManager: Mounting plugin PlanarCut
LogPluginManager: Mounting plugin PlatformCrypto
LogPluginManager: Mounting plugin PythonScriptPlugin
LogPluginManager: Mounting plugin ProxyLODPlugin
LogPluginManager: Mounting plugin SkeletalReduction
LogPluginManager: Mounting plugin LuminPlatformFeatures
LogPluginManager: Mounting plugin MagicLeap
LogPluginManager: Mounting plugin MagicLeapMedia
LogPluginManager: Mounting plugin MagicLeapLightEstimation
LogPluginManager: Mounting plugin MagicLeapPassableWorld
LogPluginManager: Mounting plugin MLSDK
LogPluginManager: Mounting plugin AndroidMedia
LogPluginManager: Mounting plugin AvfMedia
LogPluginManager: Mounting plugin ImgMedia
LogPluginManager: Mounting plugin MediaCompositing
LogPluginManager: Mounting plugin MediaPlayerEditor
LogPluginManager: Mounting plugin WebMMedia
LogPluginManager: Mounting plugin WmfMedia
LogPluginManager: Mounting plugin TcpMessaging
LogPluginManager: Mounting plugin UdpMessaging
LogPluginManager: Mounting plugin ActorSequence
LogPluginManager: Mounting plugin LevelSequenceEditor
LogPluginManager: Mounting plugin MatineeToLevelSequence
LogPluginManager: Mounting plugin TemplateSequence
LogPluginManager: Mounting plugin OnlineSubsystem
LogPluginManager: Mounting plugin OnlineSubsystemNull
LogPluginManager: Mounting plugin OnlineSubsystemUtils
LogPluginManager: Mounting plugin LauncherChunkInstaller
LogPluginManager: Mounting plugin ActorLayerUtilities
LogPluginManager: Mounting plugin AndroidDeviceProfileSelector
LogPluginManager: Mounting plugin AndroidMoviePlayer
LogPluginManager: Mounting plugin AndroidPermission
LogPluginManager: Mounting plugin AppleImageUtils
LogPluginManager: Mounting plugin AppleMoviePlayer
LogPluginManager: Mounting plugin ArchVisCharacter
LogPluginManager: Mounting plugin AudioCapture
LogPluginManager: Mounting plugin AssetTags
LogPluginManager: Mounting plugin AudioSynesthesia
LogPluginManager: Mounting plugin ChunkDownloader
LogPluginManager: Mounting plugin CableComponent
LogPluginManager: Mounting plugin CustomMeshComponent
LogPluginManager: Mounting plugin ExampleDeviceProfileSelector
LogPluginManager: Mounting plugin EditableMesh
LogPluginManager: Mounting plugin GoogleCloudMessaging
LogPluginManager: Mounting plugin GooglePAD
LogPluginManager: Mounting plugin IOSDeviceProfileSelector
LogPluginManager: Mounting plugin LinuxDeviceProfileSelector
LogPluginManager: Mounting plugin LocationServicesBPLibrary
LogPluginManager: Mounting plugin MobilePatchingUtils
LogPluginManager: Mounting plugin OpenXR
LogPluginManager: Mounting plugin OpenXREyeTracker
LogPluginManager: Mounting plugin OpenXRHandTracking
LogPluginManager: Mounting plugin PhysXVehicles
LogPluginManager: Mounting plugin PostSplashScreen
LogPluginManager: Mounting plugin ProceduralMeshComponent
LogPluginManager: Mounting plugin PropertyAccessEditor
LogPluginManager: Mounting plugin RuntimePhysXCooking
LogPluginManager: Mounting plugin SignificanceManager
LogPluginManager: Mounting plugin SoundFields
LogPluginManager: Mounting plugin Synthesis
LogPluginManager: Mounting plugin WebMMoviePlayer
LogPluginManager: Mounting plugin WindowsMoviePlayer
LogPluginManager: Mounting plugin ScreenshotTools
LogPluginManager: Mounting plugin Takes
LogPluginManager: Mounting plugin ContentBrowserAssetDataSource
LogPluginManager: Mounting plugin ContentBrowserFileDataSource
LogPluginManager: Mounting plugin ContentBrowserClassDataSource
LogPluginManager: Mounting plugin OnlineSubsystemGooglePlay
LogPluginManager: Mounting plugin OnlineSubsystemIOS
LogPluginManager: Mounting plugin OculusVR
LogPluginManager: Mounting plugin SteamVR
PixWinPlugin: PIX capture plugin failed to initialize! Check that the process is launched from PIX.
LogInit: Using libcurl 7.55.1-DEV
LogInit:  - built for x86_64-pc-win32
LogInit:  - supports SSL with OpenSSL/1.1.1
LogInit:  - supports HTTP deflate (compression) using libz 1.2.8
LogInit:  - other features:
LogInit:      CURL_VERSION_SSL
LogInit:      CURL_VERSION_LIBZ
LogInit:      CURL_VERSION_IPV6
LogInit:      CURL_VERSION_ASYNCHDNS
LogInit:      CURL_VERSION_LARGEFILE
LogInit:      CURL_VERSION_IDN
LogInit:  CurlRequestOptions (configurable via config and command line):
LogInit:  - bVerifyPeer = true  - Libcurl will verify peer certificate
LogInit:  - bUseHttpProxy = false  - Libcurl will NOT use HTTP proxy
LogInit:  - bDontReuseConnections = false  - Libcurl will reuse connections
LogInit:  - MaxHostConnections = 16  - Libcurl will limit the number of connections to a host
LogInit:  - LocalHostAddr = Default
LogInit:  - BufferSize = 65536
LogOnline: OSS: Creating online subsystem instance for: NULL
LogInit: WinSock: version 1.1 (2.2), MaxSocks=32767, MaxUdp=65467
LogOnline: OSS: TryLoadSubsystemAndSetDefault: Loaded subsystem for module [NULL]
LogOculusPluginWrapper: OculusPlugin initialized successfully
LogHMD: Failed initializing OVRPlugin 1.59.0
LogInit: Build: ++UE4+Release-4.27-CL-18319896
LogInit: Engine Version: 4.27.2-18319896+++UE4+Release-4.27
LogInit: Compatible Engine Version: 4.27.0-17155196+++UE4+Release-4.27
LogInit: Net CL: 17155196
LogInit: OS: Windows 8.1 (), CPU: Intel(R) Core(TM) i7-4500U CPU @ 1.80GHz, GPU: Intel(R) HD Graphics Family
LogInit: Compiled (64-bit): Nov 30 2021 07:12:08
LogInit: Compiled with Visual C++: 19.24.28315.00
LogInit: Build Configuration: Development
LogInit: Branch Name: ++UE4+Release-4.27
LogInit: Command Line: 
LogInit: Base Directory: C:/Program Files/Epic Games/UE_4.27/Engine/Binaries/Win64/
LogInit: Allocator: TBB
LogInit: Installed Engine Build: 1
LogDevObjectVersion: Number of dev versions registered: 29
LogDevObjectVersion:   Dev-Blueprints (B0D832E4-1F89-4F0D-ACCF-7EB736FD4AA2): 10
LogDevObjectVersion:   Dev-Build (E1C64328-A22C-4D53-A36C-8E866417BD8C): 0
LogDevObjectVersion:   Dev-Core (375EC13C-06E4-48FB-B500-84F0262A717E): 4
LogDevObjectVersion:   Dev-Editor (E4B068ED-F494-42E9-A231-DA0B2E46BB41): 40
LogDevObjectVersion:   Dev-Framework (CFFC743F-43B0-4480-9391-14DF171D2073): 37
LogDevObjectVersion:   Dev-Mobile (B02B49B5-BB20-44E9-A304-32B752E40360): 3
LogDevObjectVersion:   Dev-Networking (A4E4105C-59A1-49B5-A7C5-40C4547EDFEE): 0
LogDevObjectVersion:   Dev-Online (39C831C9-5AE6-47DC-9A44-9C173E1C8E7C): 0
LogDevObjectVersion:   Dev-Physics (78F01B33-EBEA-4F98-B9B4-84EACCB95AA2): 14
LogDevObjectVersion:   Dev-Platform (6631380F-2D4D-43E0-8009-CF276956A95A): 0
LogDevObjectVersion:   Dev-Rendering (12F88B9F-8875-4AFC-A67C-D90C383ABD29): 45
LogDevObjectVersion:   Dev-Sequencer (7B5AE74C-D270-4C10-A958-57980B212A5A): 13
LogDevObjectVersion:   Dev-VR (D7296918-1DD6-4BDD-9DE2-64A83CC13884): 3
LogDevObjectVersion:   Dev-LoadTimes (C2A15278-BFE7-4AFE-6C17-90FF531DF755): 1
LogDevObjectVersion:   Private-Geometry (6EACA3D4-40EC-4CC1-B786-8BED09428FC5): 3
LogDevObjectVersion:   Dev-AnimPhys (29E575DD-E0A3-4627-9D10-D276232CDCEA): 17
LogDevObjectVersion:   Dev-Anim (AF43A65D-7FD3-4947-9873-3E8ED9C1BB05): 15
LogDevObjectVersion:   Dev-ReflectionCapture (6B266CEC-1EC7-4B8F-A30B-E4D90942FC07): 1
LogDevObjectVersion:   Dev-Automation (0DF73D61-A23F-47EA-B727-89E90C41499A): 1
LogDevObjectVersion:   FortniteMain (601D1886-AC64-4F84-AA16-D3DE0DEAC7D6): 47
LogDevObjectVersion:   FortniteRelease (E7086368-6B23-4C58-8439-1B7016265E91): 1
LogDevObjectVersion:   Dev-Enterprise (9DFFBCD6-494F-0158-E221-12823C92A888): 10
LogDevObjectVersion:   Dev-Niagara (F2AED0AC-9AFE-416F-8664-AA7FFA26D6FC): 1
LogDevObjectVersion:   Dev-Destruction (174F1F0B-B4C6-45A5-B13F-2EE8D0FB917D): 10
LogDevObjectVersion:   Dev-Physics-Ext (35F94A83-E258-406C-A318-09F59610247C): 41
LogDevObjectVersion:   Dev-PhysicsMaterial-Chaos (B68FC16E-8B1B-42E2-B453-215C058844FE): 1
LogDevObjectVersion:   Dev-CineCamera (B2E18506-4273-CFC2-A54E-F4BB758BBA07): 1
LogDevObjectVersion:   Dev-VirtualProduction (64F58936-FD1B-42BA-BA96-7289D5D0FA4E): 1
LogDevObjectVersion:   Dev-MediaFramework (6F0ED827-A609-4895-9C91-998D90180EA4): 2
LogInit: Presizing for max 25165824 objects, including 0 objects not considered by GC, pre-allocating 0 bytes for permanent pool.
LogConfig: Applying CVar settings from Section [/Script/Engine.StreamingSettings] File [C:/Users/Nacho/Documents/Unreal Projects/P_TP2_00/Saved/Config/Windows/Engine.ini]
LogConfig: Setting CVar [[s.MinBulkDataSizeForAsyncLoading:131072]]
LogConfig: Setting CVar [[s.AsyncLoadingThreadEnabled:0]]
LogConfig: Setting CVar [[s.EventDrivenLoaderEnabled:1]]
LogConfig: Setting CVar [[s.WarnIfTimeLimitExceeded:0]]
LogConfig: Setting CVar [[s.TimeLimitExceededMultiplier:1.5]]
LogConfig: Setting CVar [[s.TimeLimitExceededMinTime:0.005]]
LogConfig: Setting CVar [[s.UseBackgroundLevelStreaming:1]]
LogConfig: Setting CVar [[s.PriorityAsyncLoadingExtraTime:15.0]]
LogConfig: Setting CVar [[s.LevelStreamingActorsUpdateTimeLimit:5.0]]
LogConfig: Setting CVar [[s.PriorityLevelStreamingActorsUpdateExtraTime:5.0]]
LogConfig: Setting CVar [[s.LevelStreamingComponentsRegistrationGranularity:10]]
LogConfig: Setting CVar [[s.UnregisterComponentsTimeLimit:1.0]]
LogConfig: Setting CVar [[s.LevelStreamingComponentsUnregistrationGranularity:5]]
LogConfig: Setting CVar [[s.FlushStreamingOnExit:1]]
LogInit: Object subsystem initialized
LogConfig: Setting CVar [[con.DebugEarlyDefault:1]]
LogConfig: Setting CVar [[r.setres:1280x720]]
[2022.05.31-06.22.28:693][  0]LogConfig: Setting CVar [[r.VSync:0]]
[2022.05.31-06.22.28:693][  0]LogConfig: Setting CVar [[r.RHICmdBypass:0]]
[2022.05.31-06.22.28:693][  0]LogConfig: Applying CVar settings from Section [/Script/Engine.RendererSettings] File [C:/Users/Nacho/Documents/Unreal Projects/P_TP2_00/Saved/Config/Windows/Engine.ini]
[2022.05.31-06.22.28:693][  0]LogConfig: Setting CVar [[r.GPUCrashDebugging:0]]
[2022.05.31-06.22.28:693][  0]LogConfig: Applying CVar settings from Section [/Script/Engine.RendererOverrideSettings] File [C:/Users/Nacho/Documents/Unreal Projects/P_TP2_00/Saved/Config/Windows/Engine.ini]
[2022.05.31-06.22.28:693][  0]LogConfig: Applying CVar settings from Section [/Script/Engine.StreamingSettings] File [C:/Users/Nacho/Documents/Unreal Projects/P_TP2_00/Saved/Config/Windows/Engine.ini]
[2022.05.31-06.22.28:693][  0]LogConfig: Setting CVar [[s.MinBulkDataSizeForAsyncLoading:131072]]
[2022.05.31-06.22.28:693][  0]LogConfig: Setting CVar [[s.AsyncLoadingThreadEnabled:0]]
[2022.05.31-06.22.28:693][  0]LogConfig: Setting CVar [[s.EventDrivenLoaderEnabled:1]]
[2022.05.31-06.22.28:693][  0]LogConfig: Setting CVar [[s.WarnIfTimeLimitExceeded:0]]
[2022.05.31-06.22.28:693][  0]LogConfig: Setting CVar [[s.TimeLimitExceededMultiplier:1.5]]
[2022.05.31-06.22.28:693][  0]LogConfig: Setting CVar [[s.TimeLimitExceededMinTime:0.005]]
[2022.05.31-06.22.28:693][  0]LogConfig: Setting CVar [[s.UseBackgroundLevelStreaming:1]]
[2022.05.31-06.22.28:693][  0]LogConfig: Setting CVar [[s.PriorityAsyncLoadingExtraTime:15.0]]
[2022.05.31-06.22.28:693][  0]LogConfig: Setting CVar [[s.LevelStreamingActorsUpdateTimeLimit:5.0]]
[2022.05.31-06.22.28:693][  0]LogConfig: Setting CVar [[s.PriorityLevelStreamingActorsUpdateExtraTime:5.0]]
[2022.05.31-06.22.28:693][  0]LogConfig: Setting CVar [[s.LevelStreamingComponentsRegistrationGranularity:10]]
[2022.05.31-06.22.28:693][  0]LogConfig: Setting CVar [[s.UnregisterComponentsTimeLimit:1.0]]
[2022.05.31-06.22.28:693][  0]LogConfig: Setting CVar [[s.LevelStreamingComponentsUnregistrationGranularity:5]]
[2022.05.31-06.22.28:693][  0]LogConfig: Setting CVar [[s.FlushStreamingOnExit:1]]
[2022.05.31-06.22.28:693][  0]LogConfig: Applying CVar settings from Section [/Script/Engine.GarbageCollectionSettings] File [C:/Users/Nacho/Documents/Unreal Projects/P_TP2_00/Saved/Config/Windows/Engine.ini]
[2022.05.31-06.22.28:693][  0]LogConfig: Setting CVar [[gc.MaxObjectsNotConsideredByGC:1]]
[2022.05.31-06.22.28:693][  0]LogConfig: Setting CVar [[gc.SizeOfPermanentObjectPool:0]]
[2022.05.31-06.22.28:693][  0]LogConfig: Setting CVar [[gc.FlushStreamingOnGC:0]]
[2022.05.31-06.22.28:693][  0]LogConfig: Setting CVar [[gc.NumRetriesBeforeForcingGC:10]]
[2022.05.31-06.22.28:693][  0]LogConfig: Setting CVar [[gc.AllowParallelGC:1]]
[2022.05.31-06.22.28:693][  0]LogConfig: Setting CVar [[gc.TimeBetweenPurgingPendingKillObjects:61.1]]
[2022.05.31-06.22.28:693][  0]LogConfig: Setting CVar [[gc.MaxObjectsInEditor:25165824]]
[2022.05.31-06.22.28:693][  0]LogConfig: Setting CVar [[gc.IncrementalBeginDestroyEnabled:1]]
[2022.05.31-06.22.28:693][  0]LogConfig: Setting CVar [[gc.CreateGCClusters:1]]
[2022.05.31-06.22.28:693][  0]LogConfig: Setting CVar [[gc.MinGCClusterSize:5]]
[2022.05.31-06.22.28:693][  0]LogConfig: Setting CVar [[gc.ActorClusteringEnabled:0]]
[2022.05.31-06.22.28:693][  0]LogConfig: Setting CVar [[gc.BlueprintClusteringEnabled:0]]
[2022.05.31-06.22.28:693][  0]LogConfig: Setting CVar [[gc.UseDisregardForGCOnDedicatedServers:0]]
[2022.05.31-06.22.28:693][  0]LogConfig: Setting CVar [[gc.MultithreadedDestructionEnabled:1]]
[2022.05.31-06.22.28:693][  0]LogConfig: Applying CVar settings from Section [/Script/Engine.NetworkSettings] File [C:/Users/Nacho/Documents/Unreal Projects/P_TP2_00/Saved/Config/Windows/Engine.ini]
[2022.05.31-06.22.28:693][  0]LogConfig: Applying CVar settings from Section [/Script/UnrealEd.CookerSettings] File [C:/Users/Nacho/Documents/Unreal Projects/P_TP2_00/Saved/Config/Windows/Engine.ini]
[2022.05.31-06.22.28:698][  0]LogConfig: Applying CVar settings from Section [ViewDistanceQuality@3] File [C:/Users/Nacho/Documents/Unreal Projects/P_TP2_00/Saved/Config/Windows/Scalability.ini]
[2022.05.31-06.22.28:698][  0]LogConfig: Setting CVar [[r.SkeletalMeshLODBias:0]]
[2022.05.31-06.22.28:698][  0]LogConfig: Setting CVar [[r.ViewDistanceScale:1.0]]
[2022.05.31-06.22.28:698][  0]LogConfig: Applying CVar settings from Section [AntiAliasingQuality@3] File [C:/Users/Nacho/Documents/Unreal Projects/P_TP2_00/Saved/Config/Windows/Scalability.ini]
[2022.05.31-06.22.28:698][  0]LogConfig: Setting CVar [[r.PostProcessAAQuality:4]]
[2022.05.31-06.22.28:698][  0]LogConfig: Applying CVar settings from Section [ShadowQuality@3] File [C:/Users/Nacho/Documents/Unreal Projects/P_TP2_00/Saved/Config/Windows/Scalability.ini]
[2022.05.31-06.22.28:698][  0]LogConfig: Setting CVar [[r.LightFunctionQuality:1]]
[2022.05.31-06.22.28:698][  0]LogConfig: Setting CVar [[r.ShadowQuality:5]]
[2022.05.31-06.22.28:698][  0]LogConfig: Setting CVar [[r.Shadow.CSM.MaxCascades:10]]
[2022.05.31-06.22.28:698][  0]LogConfig: Setting CVar [[r.Shadow.MaxResolution:2048]]
[2022.05.31-06.22.28:698][  0]LogConfig: Setting CVar [[r.Shadow.MaxCSMResolution:2048]]
[2022.05.31-06.22.28:698][  0]LogConfig: Setting CVar [[r.Shadow.RadiusThreshold:0.01]]
[2022.05.31-06.22.28:698][  0]LogConfig: Setting CVar [[r.Shadow.DistanceScale:1.0]]
[2022.05.31-06.22.28:698][  0]LogConfig: Setting CVar [[r.Shadow.CSM.TransitionScale:1.0]]
[2022.05.31-06.22.28:698][  0]LogConfig: Setting CVar [[r.Shadow.PreShadowResolutionFactor:1.0]]
[2022.05.31-06.22.28:698][  0]LogConfig: Setting CVar [[r.DistanceFieldShadowing:1]]
[2022.05.31-06.22.28:698][  0]LogConfig: Setting CVar [[r.DistanceFieldAO:1]]
[2022.05.31-06.22.28:698][  0]LogConfig: Setting CVar [[r.AOQuality:2]]
[2022.05.31-06.22.28:698][  0]LogConfig: Setting CVar [[r.VolumetricFog:1]]
[2022.05.31-06.22.28:698][  0]LogConfig: Setting CVar [[r.VolumetricFog.GridPixelSize:8]]
[2022.05.31-06.22.28:698][  0]LogConfig: Setting CVar [[r.VolumetricFog.GridSizeZ:128]]
[2022.05.31-06.22.28:698][  0]LogConfig: Setting CVar [[r.VolumetricFog.HistoryMissSupersampleCount:4]]
[2022.05.31-06.22.28:698][  0]LogConfig: Setting CVar [[r.LightMaxDrawDistanceScale:1]]
[2022.05.31-06.22.28:698][  0]LogConfig: Setting CVar [[r.CapsuleShadows:1]]
[2022.05.31-06.22.28:698][  0]LogConfig: Applying CVar settings from Section [PostProcessQuality@3] File [C:/Users/Nacho/Documents/Unreal Projects/P_TP2_00/Saved/Config/Windows/Scalability.ini]
[2022.05.31-06.22.28:698][  0]LogConfig: Setting CVar [[r.MotionBlurQuality:4]]
[2022.05.31-06.22.28:698][  0]LogConfig: Setting CVar [[r.AmbientOcclusionMipLevelFactor:0.4]]
[2022.05.31-06.22.28:698][  0]LogConfig: Setting CVar [[r.AmbientOcclusionMaxQuality:100]]
[2022.05.31-06.22.28:698][  0]LogConfig: Setting CVar [[r.AmbientOcclusionLevels:-1]]
[2022.05.31-06.22.28:698][  0]LogConfig: Setting CVar [[r.AmbientOcclusionRadiusScale:1.0]]
[2022.05.31-06.22.28:698][  0]LogConfig: Setting CVar [[r.DepthOfFieldQuality:2]]
[2022.05.31-06.22.28:698][  0]LogConfig: Setting CVar [[r.RenderTargetPoolMin:400]]
[2022.05.31-06.22.28:698][  0]LogConfig: Setting CVar [[r.LensFlareQuality:2]]
[2022.05.31-06.22.28:698][  0]LogConfig: Setting CVar [[r.SceneColorFringeQuality:1]]
[2022.05.31-06.22.28:698][  0]LogConfig: Setting CVar [[r.EyeAdaptationQuality:2]]
[2022.05.31-06.22.28:698][  0]LogConfig: Setting CVar [[r.BloomQuality:5]]
[2022.05.31-06.22.28:698][  0]LogConfig: Setting CVar [[r.FastBlurThreshold:100]]
[2022.05.31-06.22.28:698][  0]LogConfig: Setting CVar [[r.Upscale.Quality:3]]
[2022.05.31-06.22.28:698][  0]LogConfig: Setting CVar [[r.Tonemapper.GrainQuantization:1]]
[2022.05.31-06.22.28:698][  0]LogConfig: Setting CVar [[r.LightShaftQuality:1]]
[2022.05.31-06.22.28:698][  0]LogConfig: Setting CVar [[r.Filter.SizeScale:1]]
[2022.05.31-06.22.28:698][  0]LogConfig: Setting CVar [[r.Tonemapper.Quality:5]]
[2022.05.31-06.22.28:698][  0]LogConfig: Setting CVar [[r.DOF.Gather.AccumulatorQuality:1        ; higher gathering accumulator quality]]
[2022.05.31-06.22.28:698][  0]LogConfig: Setting CVar [[r.DOF.Gather.PostfilterMethod:1          ; Median3x3 postfilering method]]
[2022.05.31-06.22.28:698][  0]LogConfig: Setting CVar [[r.DOF.Gather.EnableBokehSettings:0       ; no bokeh simulation when gathering]]
[2022.05.31-06.22.28:698][  0]LogConfig: Setting CVar [[r.DOF.Gather.RingCount:4                 ; medium number of samples when gathering]]
[2022.05.31-06.22.28:698][  0]LogConfig: Setting CVar [[r.DOF.Scatter.ForegroundCompositing:1    ; additive foreground scattering]]
[2022.05.31-06.22.28:698][  0]LogConfig: Setting CVar [[r.DOF.Scatter.BackgroundCompositing:2    ; additive background scattering]]
[2022.05.31-06.22.28:698][  0]LogConfig: Setting CVar [[r.DOF.Scatter.EnableBokehSettings:1      ; bokeh simulation when scattering]]
[2022.05.31-06.22.28:698][  0]LogConfig: Setting CVar [[r.DOF.Scatter.MaxSpriteRatio:0.1         ; only a maximum of 10% of scattered bokeh]]
[2022.05.31-06.22.28:698][  0]LogConfig: Setting CVar [[r.DOF.Recombine.Quality:1                ; cheap slight out of focus]]
[2022.05.31-06.22.28:698][  0]LogConfig: Setting CVar [[r.DOF.Recombine.EnableBokehSettings:0    ; no bokeh simulation on slight out of focus]]
[2022.05.31-06.22.28:698][  0]LogConfig: Setting CVar [[r.DOF.TemporalAAQuality:1                ; more stable temporal accumulation]]
[2022.05.31-06.22.28:698][  0]LogConfig: Setting CVar [[r.DOF.Kernel.MaxForegroundRadius:0.025]]
[2022.05.31-06.22.28:698][  0]LogConfig: Setting CVar [[r.DOF.Kernel.MaxBackgroundRadius:0.025]]
[2022.05.31-06.22.28:698][  0]LogConfig: Applying CVar settings from Section [TextureQuality@3] File [C:/Users/Nacho/Documents/Unreal Projects/P_TP2_00/Saved/Config/Windows/Scalability.ini]
[2022.05.31-06.22.28:698][  0]LogConfig: Setting CVar [[r.Streaming.MipBias:0]]
[2022.05.31-06.22.28:698][  0]LogConfig: Setting CVar [[r.Streaming.AmortizeCPUToGPUCopy:0]]
[2022.05.31-06.22.28:698][  0]LogConfig: Setting CVar [[r.Streaming.MaxNumTexturesToStreamPerFrame:0]]
[2022.05.31-06.22.28:698][  0]LogConfig: Setting CVar [[r.Streaming.Boost:1]]
[2022.05.31-06.22.28:698][  0]LogConfig: Setting CVar [[r.MaxAnisotropy:8]]
[2022.05.31-06.22.28:698][  0]LogConfig: Setting CVar [[r.VT.MaxAnisotropy:8]]
[2022.05.31-06.22.28:698][  0]LogConfig: Setting CVar [[r.Streaming.LimitPoolSizeToVRAM:0]]
[2022.05.31-06.22.28:698][  0]LogConfig: Setting CVar [[r.Streaming.PoolSize:1000]]
[2022.05.31-06.22.28:698][  0]LogConfig: Setting CVar [[r.Streaming.MaxEffectiveScreenSize:0]]
[2022.05.31-06.22.28:698][  0]LogConfig: Applying CVar settings from Section [EffectsQuality@3] File [C:/Users/Nacho/Documents/Unreal Projects/P_TP2_00/Saved/Config/Windows/Scalability.ini]
[2022.05.31-06.22.28:698][  0]LogConfig: Setting CVar [[r.TranslucencyLightingVolumeDim:64]]
[2022.05.31-06.22.28:698][  0]LogConfig: Setting CVar [[r.RefractionQuality:2]]
[2022.05.31-06.22.28:698][  0]LogConfig: Setting CVar [[r.SSR.Quality:3]]
[2022.05.31-06.22.28:698][  0]LogConfig: Setting CVar [[r.SSR.HalfResSceneColor:0]]
[2022.05.31-06.22.28:698][  0]LogConfig: Setting CVar [[r.SceneColorFormat:4]]
[2022.05.31-06.22.28:698][  0]LogConfig: Setting CVar [[r.DetailMode:2]]
[2022.05.31-06.22.28:698][  0]LogConfig: Setting CVar [[r.TranslucencyVolumeBlur:1]]
[2022.05.31-06.22.28:698][  0]LogConfig: Setting CVar [[r.MaterialQualityLevel:1 ; High quality]]
[2022.05.31-06.22.28:698][  0]LogConfig: Setting CVar [[r.AnisotropicMaterials:1]]
[2022.05.31-06.22.28:698][  0]LogConfig: Setting CVar [[r.SSS.Scale:1]]
[2022.05.31-06.22.28:699][  0]LogConfig: Setting CVar [[r.SSS.SampleSet:2]]
[2022.05.31-06.22.28:699][  0]LogConfig: Setting CVar [[r.SSS.Quality:1]]
[2022.05.31-06.22.28:699][  0]LogConfig: Setting CVar [[r.SSS.HalfRes:0]]
[2022.05.31-06.22.28:699][  0]LogConfig: Setting CVar [[r.SSGI.Quality:3]]
[2022.05.31-06.22.28:699][  0]LogConfig: Setting CVar [[r.EmitterSpawnRateScale:1.0]]
[2022.05.31-06.22.28:699][  0]LogConfig: Setting CVar [[r.ParticleLightQuality:2]]
[2022.05.31-06.22.28:699][  0]LogConfig: Setting CVar [[r.SkyAtmosphere.AerialPerspectiveLUT.FastApplyOnOpaque:1 ; Always have FastSkyLUT 1 in this case to avoid wrong sky]]
[2022.05.31-06.22.28:699][  0]LogConfig: Setting CVar [[r.SkyAtmosphere.AerialPerspectiveLUT.SampleCountMaxPerSlice:4]]
[2022.05.31-06.22.28:699][  0]LogConfig: Setting CVar [[r.SkyAtmosphere.AerialPerspectiveLUT.DepthResolution:16.0]]
[2022.05.31-06.22.28:699][  0]LogConfig: Setting CVar [[r.SkyAtmosphere.FastSkyLUT:1]]
[2022.05.31-06.22.28:699][  0]LogConfig: Setting CVar [[r.SkyAtmosphere.FastSkyLUT.SampleCountMin:4.0]]
[2022.05.31-06.22.28:699][  0]LogConfig: Setting CVar [[r.SkyAtmosphere.FastSkyLUT.SampleCountMax:128.0]]
[2022.05.31-06.22.28:699][  0]LogConfig: Setting CVar [[r.SkyAtmosphere.SampleCountMin:4.0]]
[2022.05.31-06.22.28:699][  0]LogConfig: Setting CVar [[r.SkyAtmosphere.SampleCountMax:128.0]]
[2022.05.31-06.22.28:699][  0]LogConfig: Setting CVar [[r.SkyAtmosphere.TransmittanceLUT.UseSmallFormat:0]]
[2022.05.31-06.22.28:699][  0]LogConfig: Setting CVar [[r.SkyAtmosphere.TransmittanceLUT.SampleCount:10.0]]
[2022.05.31-06.22.28:699][  0]LogConfig: Setting CVar [[r.SkyAtmosphere.MultiScatteringLUT.SampleCount:15.0]]
[2022.05.31-06.22.28:699][  0]LogConfig: Setting CVar [[r.SkyLight.RealTimeReflectionCapture:1]]
[2022.05.31-06.22.28:699][  0]LogConfig: Applying CVar settings from Section [FoliageQuality@3] File [C:/Users/Nacho/Documents/Unreal Projects/P_TP2_00/Saved/Config/Windows/Scalability.ini]
[2022.05.31-06.22.28:699][  0]LogConfig: Setting CVar [[foliage.DensityScale:1.0]]
[2022.05.31-06.22.28:699][  0]LogConfig: Setting CVar [[grass.DensityScale:1.0]]
[2022.05.31-06.22.28:699][  0]LogConfig: Applying CVar settings from Section [ShadingQuality@3] File [C:/Users/Nacho/Documents/Unreal Projects/P_TP2_00/Saved/Config/Windows/Scalability.ini]
[2022.05.31-06.22.28:699][  0]LogConfig: Setting CVar [[r.HairStrands.SkyLighting.IntegrationType:2]]
[2022.05.31-06.22.28:699][  0]LogConfig: Setting CVar [[r.HairStrands.SkyAO.SampleCount:4]]
[2022.05.31-06.22.28:699][  0]LogConfig: Setting CVar [[r.HairStrands.Visibility.MSAA.SamplePerPixel:4]]
[2022.05.31-06.22.28:699][  0]LogInit: Selected Device Profile: [Windows]
[2022.05.31-06.22.28:699][  0]LogInit: Applying CVar settings loaded from the selected device profile: [Windows]
[2022.05.31-06.22.28:699][  0]LogHAL: Display: Platform has ~ 8 GB [8229511168 / 8589934592 / 8], which maps to Default [LargestMinGB=32, LargerMinGB=12, DefaultMinGB=8, SmallerMinGB=6, SmallestMinGB=0)
[2022.05.31-06.22.28:699][  0]LogInit: Going up to parent DeviceProfile []
[2022.05.31-06.22.28:699][  0]LogConfig: Applying CVar settings from Section [ViewDistanceQuality@3] File [C:/Users/Nacho/Documents/Unreal Projects/P_TP2_00/Saved/Config/Windows/Scalability.ini]
[2022.05.31-06.22.28:699][  0]LogConfig: Setting CVar [[r.SkeletalMeshLODBias:0]]
[2022.05.31-06.22.28:699][  0]LogConfig: Setting CVar [[r.ViewDistanceScale:1.0]]
[2022.05.31-06.22.28:699][  0]LogConfig: Applying CVar settings from Section [AntiAliasingQuality@3] File [C:/Users/Nacho/Documents/Unreal Projects/P_TP2_00/Saved/Config/Windows/Scalability.ini]
[2022.05.31-06.22.28:699][  0]LogConfig: Setting CVar [[r.PostProcessAAQuality:4]]
[2022.05.31-06.22.28:699][  0]LogConfig: Applying CVar settings from Section [ShadowQuality@3] File [C:/Users/Nacho/Documents/Unreal Projects/P_TP2_00/Saved/Config/Windows/Scalability.ini]
[2022.05.31-06.22.28:699][  0]LogConfig: Setting CVar [[r.LightFunctionQuality:1]]
[2022.05.31-06.22.28:699][  0]LogConfig: Setting CVar [[r.ShadowQuality:5]]
[2022.05.31-06.22.28:699][  0]LogConfig: Setting CVar [[r.Shadow.CSM.MaxCascades:10]]
[2022.05.31-06.22.28:699][  0]LogConfig: Setting CVar [[r.Shadow.MaxResolution:2048]]
[2022.05.31-06.22.28:699][  0]LogConfig: Setting CVar [[r.Shadow.MaxCSMResolution:2048]]
[2022.05.31-06.22.28:699][  0]LogConfig: Setting CVar [[r.Shadow.RadiusThreshold:0.01]]
[2022.05.31-06.22.28:699][  0]LogConfig: Setting CVar [[r.Shadow.DistanceScale:1.0]]
[2022.05.31-06.22.28:699][  0]LogConfig: Setting CVar [[r.Shadow.CSM.TransitionScale:1.0]]
[2022.05.31-06.22.28:699][  0]LogConfig: Setting CVar [[r.Shadow.PreShadowResolutionFactor:1.0]]
[2022.05.31-06.22.28:699][  0]LogConfig: Setting CVar [[r.DistanceFieldShadowing:1]]
[2022.05.31-06.22.28:699][  0]LogConfig: Setting CVar [[r.DistanceFieldAO:1]]
[2022.05.31-06.22.28:699][  0]LogConfig: Setting CVar [[r.AOQuality:2]]
[2022.05.31-06.22.28:699][  0]LogConfig: Setting CVar [[r.VolumetricFog:1]]
[2022.05.31-06.22.28:699][  0]LogConfig: Setting CVar [[r.VolumetricFog.GridPixelSize:8]]
[2022.05.31-06.22.28:699][  0]LogConfig: Setting CVar [[r.VolumetricFog.GridSizeZ:128]]
[2022.05.31-06.22.28:699][  0]LogConfig: Setting CVar [[r.VolumetricFog.HistoryMissSupersampleCount:4]]
[2022.05.31-06.22.28:699][  0]LogConfig: Setting CVar [[r.LightMaxDrawDistanceScale:1]]
[2022.05.31-06.22.28:699][  0]LogConfig: Setting CVar [[r.CapsuleShadows:1]]
[2022.05.31-06.22.28:699][  0]LogConfig: Applying CVar settings from Section [PostProcessQuality@3] File [C:/Users/Nacho/Documents/Unreal Projects/P_TP2_00/Saved/Config/Windows/Scalability.ini]
[2022.05.31-06.22.28:699][  0]LogConfig: Setting CVar [[r.MotionBlurQuality:4]]
[2022.05.31-06.22.28:699][  0]LogConfig: Setting CVar [[r.AmbientOcclusionMipLevelFactor:0.4]]
[2022.05.31-06.22.28:699][  0]LogConfig: Setting CVar [[r.AmbientOcclusionMaxQuality:100]]
[2022.05.31-06.22.28:699][  0]LogConfig: Setting CVar [[r.AmbientOcclusionLevels:-1]]
[2022.05.31-06.22.28:699][  0]LogConfig: Setting CVar [[r.AmbientOcclusionRadiusScale:1.0]]
[2022.05.31-06.22.28:699][  0]LogConfig: Setting CVar [[r.DepthOfFieldQuality:2]]
[2022.05.31-06.22.28:699][  0]LogConfig: Setting CVar [[r.RenderTargetPoolMin:400]]
[2022.05.31-06.22.28:699][  0]LogConfig: Setting CVar [[r.LensFlareQuality:2]]
[2022.05.31-06.22.28:699][  0]LogConfig: Setting CVar [[r.SceneColorFringeQuality:1]]
[2022.05.31-06.22.28:699][  0]LogConfig: Setting CVar [[r.EyeAdaptationQuality:2]]
[2022.05.31-06.22.28:699][  0]LogConfig: Setting CVar [[r.BloomQuality:5]]
[2022.05.31-06.22.28:699][  0]LogConfig: Setting CVar [[r.FastBlurThreshold:100]]
[2022.05.31-06.22.28:699][  0]LogConfig: Setting CVar [[r.Upscale.Quality:3]]
[2022.05.31-06.22.28:699][  0]LogConfig: Setting CVar [[r.Tonemapper.GrainQuantization:1]]
[2022.05.31-06.22.28:699][  0]LogConfig: Setting CVar [[r.LightShaftQuality:1]]
[2022.05.31-06.22.28:699][  0]LogConfig: Setting CVar [[r.Filter.SizeScale:1]]
[2022.05.31-06.22.28:699][  0]LogConfig: Setting CVar [[r.Tonemapper.Quality:5]]
[2022.05.31-06.22.28:700][  0]LogConfig: Setting CVar [[r.DOF.Gather.AccumulatorQuality:1        ; higher gathering accumulator quality]]
[2022.05.31-06.22.28:700][  0]LogConfig: Setting CVar [[r.DOF.Gather.PostfilterMethod:1          ; Median3x3 postfilering method]]
[2022.05.31-06.22.28:700][  0]LogConfig: Setting CVar [[r.DOF.Gather.EnableBokehSettings:0       ; no bokeh simulation when gathering]]
[2022.05.31-06.22.28:700][  0]LogConfig: Setting CVar [[r.DOF.Gather.RingCount:4                 ; medium number of samples when gathering]]
[2022.05.31-06.22.28:700][  0]LogConfig: Setting CVar [[r.DOF.Scatter.ForegroundCompositing:1    ; additive foreground scattering]]
[2022.05.31-06.22.28:700][  0]LogConfig: Setting CVar [[r.DOF.Scatter.BackgroundCompositing:2    ; additive background scattering]]
[2022.05.31-06.22.28:700][  0]LogConfig: Setting CVar [[r.DOF.Scatter.EnableBokehSettings:1      ; bokeh simulation when scattering]]
[2022.05.31-06.22.28:700][  0]LogConfig: Setting CVar [[r.DOF.Scatter.MaxSpriteRatio:0.1         ; only a maximum of 10% of scattered bokeh]]
[2022.05.31-06.22.28:700][  0]LogConfig: Setting CVar [[r.DOF.Recombine.Quality:1                ; cheap slight out of focus]]
[2022.05.31-06.22.28:700][  0]LogConfig: Setting CVar [[r.DOF.Recombine.EnableBokehSettings:0    ; no bokeh simulation on slight out of focus]]
[2022.05.31-06.22.28:700][  0]LogConfig: Setting CVar [[r.DOF.TemporalAAQuality:1                ; more stable temporal accumulation]]
[2022.05.31-06.22.28:700][  0]LogConfig: Setting CVar [[r.DOF.Kernel.MaxForegroundRadius:0.025]]
[2022.05.31-06.22.28:700][  0]LogConfig: Setting CVar [[r.DOF.Kernel.MaxBackgroundRadius:0.025]]
[2022.05.31-06.22.28:700][  0]LogConfig: Applying CVar settings from Section [TextureQuality@3] File [C:/Users/Nacho/Documents/Unreal Projects/P_TP2_00/Saved/Config/Windows/Scalability.ini]
[2022.05.31-06.22.28:700][  0]LogConfig: Setting CVar [[r.Streaming.MipBias:0]]
[2022.05.31-06.22.28:700][  0]LogConfig: Setting CVar [[r.Streaming.AmortizeCPUToGPUCopy:0]]
[2022.05.31-06.22.28:700][  0]LogConfig: Setting CVar [[r.Streaming.MaxNumTexturesToStreamPerFrame:0]]
[2022.05.31-06.22.28:700][  0]LogConfig: Setting CVar [[r.Streaming.Boost:1]]
[2022.05.31-06.22.28:700][  0]LogConfig: Setting CVar [[r.MaxAnisotropy:8]]
[2022.05.31-06.22.28:700][  0]LogConfig: Setting CVar [[r.VT.MaxAnisotropy:8]]
[2022.05.31-06.22.28:700][  0]LogConfig: Setting CVar [[r.Streaming.LimitPoolSizeToVRAM:0]]
[2022.05.31-06.22.28:700][  0]LogConfig: Setting CVar [[r.Streaming.PoolSize:1000]]
[2022.05.31-06.22.28:700][  0]LogConfig: Setting CVar [[r.Streaming.MaxEffectiveScreenSize:0]]
[2022.05.31-06.22.28:700][  0]LogConfig: Applying CVar settings from Section [EffectsQuality@3] File [C:/Users/Nacho/Documents/Unreal Projects/P_TP2_00/Saved/Config/Windows/Scalability.ini]
[2022.05.31-06.22.28:700][  0]LogConfig: Setting CVar [[r.TranslucencyLightingVolumeDim:64]]
[2022.05.31-06.22.28:700][  0]LogConfig: Setting CVar [[r.RefractionQuality:2]]
[2022.05.31-06.22.28:700][  0]LogConfig: Setting CVar [[r.SSR.Quality:3]]
[2022.05.31-06.22.28:700][  0]LogConfig: Setting CVar [[r.SSR.HalfResSceneColor:0]]
[2022.05.31-06.22.28:700][  0]LogConfig: Setting CVar [[r.SceneColorFormat:4]]
[2022.05.31-06.22.28:700][  0]LogConfig: Setting CVar [[r.DetailMode:2]]
[2022.05.31-06.22.28:700][  0]LogConfig: Setting CVar [[r.TranslucencyVolumeBlur:1]]
[2022.05.31-06.22.28:700][  0]LogConfig: Setting CVar [[r.MaterialQualityLevel:1 ; High quality]]
[2022.05.31-06.22.28:700][  0]LogConfig: Setting CVar [[r.AnisotropicMaterials:1]]
[2022.05.31-06.22.28:700][  0]LogConfig: Setting CVar [[r.SSS.Scale:1]]
[2022.05.31-06.22.28:700][  0]LogConfig: Setting CVar [[r.SSS.SampleSet:2]]
[2022.05.31-06.22.28:700][  0]LogConfig: Setting CVar [[r.SSS.Quality:1]]
[2022.05.31-06.22.28:700][  0]LogConfig: Setting CVar [[r.SSS.HalfRes:0]]
[2022.05.31-06.22.28:700][  0]LogConfig: Setting CVar [[r.SSGI.Quality:3]]
[2022.05.31-06.22.28:700][  0]LogConfig: Setting CVar [[r.EmitterSpawnRateScale:1.0]]
[2022.05.31-06.22.28:700][  0]LogConfig: Setting CVar [[r.ParticleLightQuality:2]]
[2022.05.31-06.22.28:700][  0]LogConfig: Setting CVar [[r.SkyAtmosphere.AerialPerspectiveLUT.FastApplyOnOpaque:1 ; Always have FastSkyLUT 1 in this case to avoid wrong sky]]
[2022.05.31-06.22.28:700][  0]LogConfig: Setting CVar [[r.SkyAtmosphere.AerialPerspectiveLUT.SampleCountMaxPerSlice:4]]
[2022.05.31-06.22.28:700][  0]LogConfig: Setting CVar [[r.SkyAtmosphere.AerialPerspectiveLUT.DepthResolution:16.0]]
[2022.05.31-06.22.28:700][  0]LogConfig: Setting CVar [[r.SkyAtmosphere.FastSkyLUT:1]]
[2022.05.31-06.22.28:700][  0]LogConfig: Setting CVar [[r.SkyAtmosphere.FastSkyLUT.SampleCountMin:4.0]]
[2022.05.31-06.22.28:700][  0]LogConfig: Setting CVar [[r.SkyAtmosphere.FastSkyLUT.SampleCountMax:128.0]]
[2022.05.31-06.22.28:700][  0]LogConfig: Setting CVar [[r.SkyAtmosphere.SampleCountMin:4.0]]
[2022.05.31-06.22.28:700][  0]LogConfig: Setting CVar [[r.SkyAtmosphere.SampleCountMax:128.0]]
[2022.05.31-06.22.28:700][  0]LogConfig: Setting CVar [[r.SkyAtmosphere.TransmittanceLUT.UseSmallFormat:0]]
[2022.05.31-06.22.28:700][  0]LogConfig: Setting CVar [[r.SkyAtmosphere.TransmittanceLUT.SampleCount:10.0]]
[2022.05.31-06.22.28:700][  0]LogConfig: Setting CVar [[r.SkyAtmosphere.MultiScatteringLUT.SampleCount:15.0]]
[2022.05.31-06.22.28:700][  0]LogConfig: Setting CVar [[r.SkyLight.RealTimeReflectionCapture:1]]
[2022.05.31-06.22.28:700][  0]LogConfig: Applying CVar settings from Section [FoliageQuality@3] File [C:/Users/Nacho/Documents/Unreal Projects/P_TP2_00/Saved/Config/Windows/Scalability.ini]
[2022.05.31-06.22.28:700][  0]LogConfig: Setting CVar [[foliage.DensityScale:1.0]]
[2022.05.31-06.22.28:700][  0]LogConfig: Setting CVar [[grass.DensityScale:1.0]]
[2022.05.31-06.22.28:700][  0]LogConfig: Applying CVar settings from Section [ShadingQuality@3] File [C:/Users/Nacho/Documents/Unreal Projects/P_TP2_00/Saved/Config/Windows/Scalability.ini]
[2022.05.31-06.22.28:700][  0]LogConfig: Setting CVar [[r.HairStrands.SkyLighting.IntegrationType:2]]
[2022.05.31-06.22.28:700][  0]LogConfig: Setting CVar [[r.HairStrands.SkyAO.SampleCount:4]]
[2022.05.31-06.22.28:700][  0]LogConfig: Setting CVar [[r.HairStrands.Visibility.MSAA.SamplePerPixel:4]]
[2022.05.31-06.22.28:700][  0]LogConfig: Applying CVar settings from Section [Startup] File [../../../Engine/Config/ConsoleVariables.ini]
[2022.05.31-06.22.28:700][  0]LogConfig: Setting CVar [[net.UseAdaptiveNetUpdateFrequency:0]]
[2022.05.31-06.22.28:700][  0]LogConfig: Setting CVar [[p.chaos.AllowCreatePhysxBodies:1]]
[2022.05.31-06.22.28:700][  0]LogConfig: Setting CVar [[fx.SkipVectorVMBackendOptimizations:1]]
[2022.05.31-06.22.28:700][  0]LogConfig: Applying CVar settings from Section [ConsoleVariables] File [C:/Users/Nacho/Documents/Unreal Projects/P_TP2_00/Saved/Config/Windows/Engine.ini]
[2022.05.31-06.22.28:701][  0]LogConfig: Applying CVar settings from Section [ConsoleVariables] File [C:/Users/Nacho/Documents/Unreal Projects/P_TP2_00/Saved/Config/Windows/Editor.ini]
[2022.05.31-06.22.28:701][  0]LogInit: Computer: NACHOPC
[2022.05.31-06.22.28:701][  0]LogInit: User: Nacho
[2022.05.31-06.22.28:701][  0]LogInit: CPU Page size=4096, Cores=2
[2022.05.31-06.22.28:701][  0]LogInit: High frequency timer resolution =2.338339 MHz
[2022.05.31-06.22.28:701][  0]LogMemory: Memory total: Physical=7.7GB (8GB approx)
[2022.05.31-06.22.28:701][  0]LogMemory: Platform Memory Stats for Windows
[2022.05.31-06.22.28:701][  0]LogMemory: Process Physical Memory: 139.77 MB used, 139.77 MB peak
[2022.05.31-06.22.28:701][  0]LogMemory: Process Virtual Memory: 126.71 MB used, 126.71 MB peak
[2022.05.31-06.22.28:701][  0]LogMemory: Physical Memory: 3243.15 MB used,  4605.12 MB free, 7848.27 MB total
[2022.05.31-06.22.28:701][  0]LogMemory: Virtual Memory: 134213064.00 MB used,  4663.27 MB free, 134217728.00 MB total
[2022.05.31-06.22.28:707][  0]LogWindows: WindowsPlatformFeatures enabled
[2022.05.31-06.22.28:726][  0]LogInit: Physics initialised using underlying interface: PhysX
[2022.05.31-06.22.28:727][  0]LogInit: Using OS detected language (en-US).
[2022.05.31-06.22.28:727][  0]LogInit: Using OS detected locale (es-AR).
[2022.05.31-06.22.28:731][  0]LogTextLocalizationManager: No specific localization for 'en-US' exists, so the 'en' localization will be used.
[2022.05.31-06.22.28:949][  0]LogInit: Setting process to per monitor DPI aware
[2022.05.31-06.22.29:036][  0]LogWindowsTextInputMethodSystem: Display: IME system deactivated.
[2022.05.31-06.22.29:049][  0]LogSlate: New Slate User Created.  User Index 0, Is Virtual User: 0
[2022.05.31-06.22.29:049][  0]LogSlate: Slate User Registered.  User Index 0, Is Virtual User: 0
[2022.05.31-06.22.29:166][  0]LogD3D11RHI: Loaded GFSDK_Aftermath_Lib.x64.dll
[2022.05.31-06.22.29:167][  0]LogHMD: Failed to initialize OpenVR with code 110
[2022.05.31-06.22.29:167][  0]LogD3D11RHI: D3D11 min allowed feature level: 11_0
[2022.05.31-06.22.29:167][  0]LogD3D11RHI: D3D11 max allowed feature level: 11_0
[2022.05.31-06.22.29:167][  0]LogD3D11RHI: D3D11 adapters:
[2022.05.31-06.22.29:223][  0]LogD3D11RHI:    0. 'Intel(R) HD Graphics Family' (Feature Level 11_0)
[2022.05.31-06.22.29:223][  0]LogD3D11RHI:       224/0/1696 MB DedicatedVideo/DedicatedSystem/SharedSystem, Outputs:1, VendorId:0x8086
[2022.05.31-06.22.29:264][  0]LogD3D11RHI:    1. 'NVIDIA GeForce GT 750M' (Feature Level 11_0)
[2022.05.31-06.22.29:264][  0]LogD3D11RHI:       4002/0/3924 MB DedicatedVideo/DedicatedSystem/SharedSystem, Outputs:0, VendorId:0x10de
[2022.05.31-06.22.29:266][  0]LogD3D11RHI:    2. 'Microsoft Basic Render Driver' (Feature Level 11_0)
[2022.05.31-06.22.29:266][  0]LogD3D11RHI:       0/0/256 MB DedicatedVideo/DedicatedSystem/SharedSystem, Outputs:0, VendorId:0x1414
[2022.05.31-06.22.29:266][  0]LogD3D11RHI: Chosen D3D11 Adapter:
[2022.05.31-06.22.29:266][  0]LogD3D11RHI:     Description : NVIDIA GeForce GT 750M
[2022.05.31-06.22.29:266][  0]LogD3D11RHI:     VendorId    : 10de
[2022.05.31-06.22.29:266][  0]LogD3D11RHI:     DeviceId    : 0fe4
[2022.05.31-06.22.29:266][  0]LogD3D11RHI:     SubSysId    : 79b1025
[2022.05.31-06.22.29:266][  0]LogD3D11RHI:     Revision    : 00a1
[2022.05.31-06.22.29:266][  0]LogD3D11RHI:     DedicatedVideoMemory : 4197363712 bytes
[2022.05.31-06.22.29:266][  0]LogD3D11RHI:     DedicatedSystemMemory : 0 bytes
[2022.05.31-06.22.29:266][  0]LogD3D11RHI:     SharedSystemMemory : 4114755584 bytes
[2022.05.31-06.22.29:266][  0]LogD3D11RHI:     AdapterLuid : 0 51256
[2022.05.31-06.22.29:270][  0]LogD3D11RHI: Creating new Direct3DDevice
[2022.05.31-06.22.29:270][  0]LogD3D11RHI:     GPU DeviceId: 0xfe4 (for the marketing name, search the web for "GPU Device Id")
[2022.05.31-06.22.29:270][  0]LogWindows: EnumDisplayDevices:
[2022.05.31-06.22.29:270][  0]LogWindows:    0. 'Intel(R) HD Graphics Family' (P:1 D:1)
[2022.05.31-06.22.29:270][  0]LogWindows:    1. 'Intel(R) HD Graphics Family' (P:0 D:0)
[2022.05.31-06.22.29:270][  0]LogWindows:    2. 'Intel(R) HD Graphics Family' (P:0 D:0)
[2022.05.31-06.22.29:270][  0]LogWindows:    3. 'NVIDIA GeForce GT 750M' (P:0 D:0)
[2022.05.31-06.22.29:271][  0]LogWindows: DebugString: PrimaryIsNotTheChoosenAdapter PrimaryIsNotTheChoosenAdapter PrimaryIsNotTheChoosenAdapter 
[2022.05.31-06.22.29:271][  0]LogD3D11RHI:     Adapter Name: NVIDIA GeForce GT 750M
[2022.05.31-06.22.29:271][  0]LogD3D11RHI:   Driver Version: 425.31 (internal:25.21.14.2531, unified:425.31)
[2022.05.31-06.22.29:271][  0]LogD3D11RHI:      Driver Date: 4-9-2019
[2022.05.31-06.22.29:271][  0]LogRHI: Texture pool is 2802 MB (70% of 4002 MB)
[2022.05.31-06.22.29:271][  0]LogD3D11RHI: Creating D3DDevice using adapter:
[2022.05.31-06.22.29:271][  0]LogD3D11RHI:     Description : NVIDIA GeForce GT 750M
[2022.05.31-06.22.29:271][  0]LogD3D11RHI:     VendorId    : 10de
[2022.05.31-06.22.29:271][  0]LogD3D11RHI:     DeviceId    : 0fe4
[2022.05.31-06.22.29:271][  0]LogD3D11RHI:     SubSysId    : 79b1025
[2022.05.31-06.22.29:271][  0]LogD3D11RHI:     Revision    : 00a1
[2022.05.31-06.22.29:271][  0]LogD3D11RHI:     DedicatedVideoMemory : 4197363712 bytes
[2022.05.31-06.22.29:271][  0]LogD3D11RHI:     DedicatedSystemMemory : 0 bytes
[2022.05.31-06.22.29:271][  0]LogD3D11RHI:     SharedSystemMemory : 4114755584 bytes
[2022.05.31-06.22.29:271][  0]LogD3D11RHI:     AdapterLuid : 0 51256
[2022.05.31-06.22.29:305][  0]LogD3D11RHI: RHI does not have support for 64 bit atomics
[2022.05.31-06.22.29:305][  0]LogD3D11RHI: Async texture creation enabled
[2022.05.31-06.22.29:331][  0]LogD3D11RHI: GPU Timing Frequency: 1000.000000 (Debug: 2 2)
[2022.05.31-06.22.29:375][  0]LogRHI: GeForceNow SDK initialized: 1
[2022.05.31-06.22.29:701][  0]LogTargetPlatformManager: Display: Loaded TargetPlatform 'AllDesktop'
[2022.05.31-06.22.29:727][  0]LogTargetPlatformManager: Display: Loaded TargetPlatform 'Android'
[2022.05.31-06.22.29:727][  0]LogTargetPlatformManager: Display: Loaded TargetPlatform 'Android_ASTC'
[2022.05.31-06.22.29:727][  0]LogTargetPlatformManager: Display: Loaded TargetPlatform 'Android_DXT'
[2022.05.31-06.22.29:727][  0]LogTargetPlatformManager: Display: Loaded TargetPlatform 'Android_ETC2'
[2022.05.31-06.22.29:727][  0]LogTargetPlatformManager: Display: Loaded TargetPlatform 'AndroidClient'
[2022.05.31-06.22.29:727][  0]LogTargetPlatformManager: Display: Loaded TargetPlatform 'Android_ASTCClient'
[2022.05.31-06.22.29:727][  0]LogTargetPlatformManager: Display: Loaded TargetPlatform 'Android_DXTClient'
[2022.05.31-06.22.29:727][  0]LogTargetPlatformManager: Display: Loaded TargetPlatform 'Android_ETC2Client'
[2022.05.31-06.22.29:727][  0]LogTargetPlatformManager: Display: Loaded TargetPlatform 'Android_Multi'
[2022.05.31-06.22.29:727][  0]LogTargetPlatformManager: Display: Loaded TargetPlatform 'Android_MultiClient'
[2022.05.31-06.22.29:744][  0]LogTargetPlatformManager: Display: Loaded TargetPlatform 'IOSClient'
[2022.05.31-06.22.29:744][  0]LogTargetPlatformManager: Display: Loaded TargetPlatform 'IOS'
[2022.05.31-06.22.29:754][  0]LogTargetPlatformManager: Display: Loaded TargetPlatform 'Linux'
[2022.05.31-06.22.29:758][  0]LogTargetPlatformManager: Display: Loaded TargetPlatform 'LinuxNoEditor'
[2022.05.31-06.22.29:762][  0]LogTargetPlatformManager: Display: Loaded TargetPlatform 'LinuxClient'
[2022.05.31-06.22.29:766][  0]LogTargetPlatformManager: Display: Loaded TargetPlatform 'LinuxServer'
[2022.05.31-06.22.29:775][  0]LogTargetPlatformManager: Display: Loaded TargetPlatform 'LinuxAArch64NoEditor'
[2022.05.31-06.22.29:779][  0]LogTargetPlatformManager: Display: Loaded TargetPlatform 'LinuxAArch64Client'
[2022.05.31-06.22.29:783][  0]LogTargetPlatformManager: Display: Loaded TargetPlatform 'LinuxAArch64Server'
[2022.05.31-06.22.29:810][  0]LogTargetPlatformManager: Display: Loaded TargetPlatform 'Lumin'
[2022.05.31-06.22.29:810][  0]LogTargetPlatformManager: Display: Loaded TargetPlatform 'LuminClient'
[2022.05.31-06.22.29:819][  0]LogTargetPlatformManager: Display: Loaded TargetPlatform 'MacNoEditor'
[2022.05.31-06.22.29:823][  0]LogTargetPlatformManager: Display: Loaded TargetPlatform 'Mac'
[2022.05.31-06.22.29:826][  0]LogTargetPlatformManager: Display: Loaded TargetPlatform 'MacClient'
[2022.05.31-06.22.29:830][  0]LogTargetPlatformManager: Display: Loaded TargetPlatform 'MacServer'
[2022.05.31-06.22.29:840][  0]LogTargetPlatformManager: Display: Loaded TargetPlatform 'TVOSClient'
[2022.05.31-06.22.29:841][  0]LogTargetPlatformManager: Display: Loaded TargetPlatform 'TVOS'
[2022.05.31-06.22.29:849][  0]LogTargetPlatformManager: Display: Loaded TargetPlatform 'WindowsNoEditor'
[2022.05.31-06.22.29:853][  0]LogTargetPlatformManager: Display: Loaded TargetPlatform 'Windows'
[2022.05.31-06.22.29:857][  0]LogTargetPlatformManager: Display: Loaded TargetPlatform 'WindowsClient'
[2022.05.31-06.22.29:860][  0]LogTargetPlatformManager: Display: Loaded TargetPlatform 'WindowsServer'
[2022.05.31-06.22.29:860][  0]LogTargetPlatformManager: Display: Building Assets For Windows
[2022.05.31-06.22.29:865][  0]LogAudioDebug: Display: Lib vorbis DLL was dynamically loaded.
[2022.05.31-06.22.29:886][  0]LogTextureFormatOodle: Display: Oodle Texture 2.9.0 init RDO Off
[2022.05.31-06.22.29:908][  0]LogRendererCore: Ray tracing is disabled. Reason: r.RayTracing=0.
[2022.05.31-06.22.29:908][  0]LogShaderCompilers: Guid format shader working directory is -18 characters bigger than the processId version (../../../../../../Users/Nacho/Documents/Unreal Projects/P_TP2_00/Intermediate/Shaders/WorkingDirectory/2216/).
[2022.05.31-06.22.29:908][  0]LogShaderCompilers: Cleaned the shader compiler working directory 'C:/Users/Nacho/AppData/Local/Temp/UnrealShaderWorkingDir/4CE8E322408A25A1050120B6F96C6192/'.
[2022.05.31-06.22.29:908][  0]LogXGEController: Cannot use XGE Controller as Incredibuild is not installed on this machine.
[2022.05.31-06.22.29:908][  0]LogShaderCompilers: Cannot use XGE Shader Compiler as Incredibuild is not installed on this machine.
[2022.05.31-06.22.29:908][  0]LogShaderCompilers: Display: Using Local Shader Compiler.
[2022.05.31-06.22.30:892][  0]LogDerivedDataCache: Display: Max Cache Size: 512 MB
[2022.05.31-06.22.30:973][  0]LogDerivedDataCache: Loaded boot cache 0.08s 96MB C:/Users/Nacho/AppData/Local/UnrealEngine/4.27/DerivedDataCache/Boot.ddc.
[2022.05.31-06.22.30:973][  0]LogDerivedDataCache: Display: Loaded Boot cache: C:/Users/Nacho/AppData/Local/UnrealEngine/4.27/DerivedDataCache/Boot.ddc
[2022.05.31-06.22.30:973][  0]LogDerivedDataCache: FDerivedDataBackendGraph:  Pak pak cache file ../../../../../../Users/Nacho/Documents/Unreal Projects/P_TP2_00/DerivedDataCache/DDC.ddp not found, will not use a pak cache.
[2022.05.31-06.22.30:973][  0]LogDerivedDataCache: Unable to find inner node Pak for hierarchical cache Hierarchy.
[2022.05.31-06.22.30:973][  0]LogDerivedDataCache: FDerivedDataBackendGraph:  CompressedPak pak cache file ../../../../../../Users/Nacho/Documents/Unreal Projects/P_TP2_00/DerivedDataCache/Compressed.ddp not found, will not use a pak cache.
[2022.05.31-06.22.30:973][  0]LogDerivedDataCache: Unable to find inner node CompressedPak for hierarchical cache Hierarchy.
[2022.05.31-06.22.30:995][  0]LogDerivedDataCache: Display: Pak cache opened for reading ../../../Engine/DerivedDataCache/Compressed.ddp.
[2022.05.31-06.22.30:995][  0]LogDerivedDataCache: FDerivedDataBackendGraph:  EnterprisePak pak cache file ../../../Enterprise/DerivedDataCache/Compressed.ddp not found, will not use a pak cache.
[2022.05.31-06.22.30:995][  0]LogDerivedDataCache: Unable to find inner node EnterprisePak for hierarchical cache Hierarchy.
[2022.05.31-06.22.31:132][  0]LogDerivedDataCache: Speed tests for C:/Users/Nacho/AppData/Local/UnrealEngine/Common/DerivedDataCache took 0.14 seconds
[2022.05.31-06.22.31:132][  0]LogDerivedDataCache: Display: Performance to C:/Users/Nacho/AppData/Local/UnrealEngine/Common/DerivedDataCache: Latency=0.02ms. RandomReadSpeed=1875.69MBs, RandomWriteSpeed=6.85MBs. Assigned SpeedClass 'Local'
[2022.05.31-06.22.31:133][  0]LogDerivedDataCache: Using Local data cache path C:/Users/Nacho/AppData/Local/UnrealEngine/Common/DerivedDataCache: Writable
[2022.05.31-06.22.31:133][  0]LogDerivedDataCache: Shared data cache path not found in *engine.ini, will not use an Shared cache.
[2022.05.31-06.22.31:133][  0]LogDerivedDataCache: Unable to find inner node Shared for hierarchical cache Hierarchy.
[2022.05.31-06.22.31:198][  0]LogSlate: Using FreeType 2.10.0
[2022.05.31-06.22.31:198][  0]LogSlate: SlateFontServices - WITH_FREETYPE: 1, WITH_HARFBUZZ: 1
[2022.05.31-06.22.31:233][  0]LogAssetRegistry: FAssetRegistry took 0.0028 seconds to start up
[2022.05.31-06.22.31:525][  0]LogInit: Selected Device Profile: [Windows]
[2022.05.31-06.22.31:525][  0]LogInit: Active device profile: [000000EFE2A10700][000000EFDEE0B9C0 49] Windows
[2022.05.31-06.22.31:525][  0]LogInit: Profiles: [000000EFE2A10700][000000EFDEE0B9C0 49] Windows, [000000EFE29D3700][000000EFE1341B40 49] WindowsNoEditor, [000000EFE2A13300][000000EFE1344140 49] WindowsServer, [000000EFE29D0F00][000000EFE13482C0 49] WindowsClient, [000000EFE2A13500][000000EFE134C440 49] IOS, [000000EFE29C3F00][000000EFE13505C0 49] iPadAir, [000000EFE29D3B00][000000EFE1354740 49] iPadAir2, [000000EFE2980500][000000EFE135CA00 49] IPadPro, [000000EFE2980600][000000EFE1358A40 49] iPadAir3, [000000EFE29C0100][000000EFE133CB80 49] iPadAir4, [000000EFE2982C00][000000EFE1360CC0 49] iPadMini2, [000000EFE29C2500][000000EFE1364E00 49] iPadMini3, [000000EFE2983400][000000EFE1368F40 49] iPadMini4, [000000EFE29C0F00][000000EFE13710C0 49] iPadMini5, [000000EFE296FE00][000000EFE1379380 49] iPhone6, [000000EFE296FF00][000000EFE13753C0 49] iPodTouch6, [000000EFE2A13900][000000EFE1381680 49] iPhone7, [000000EFE2A12100][000000EFE137D6C0 49] iPodTouch7, [000000EFE296C400][000000EFE1385840 49] iPhone5S, [000000EFE2983D00][000000EFE13899C0 49] iPhone6Plus, [000000EFE2A13400][000000EFE138DB40 49] iPhone6S, [000000EFE2982000][000000EFE1390140 49] iPhone6SPlus, [000000EFE2A10900][000000EFE13942C0 49] iPhone7Plus, [000000EFE2980E00][000000EFE1398440 49] iPhoneSE, [000000EFE2A10200][000000EFE139C5C0 49] iPhone8, [000000EFE2982400][000000EFE13A0740 49] iPhone8Plus, [000000EFE2A11E00][000000EFE13A48C0 49] iPhoneX, [000000EFE2983E00][000000EFE13A8A40 49] iPhoneXS, [000000EFE2A11600][000000EFE13ACBC0 49] iPhoneXSMax, [000000EFE2982500][000000EFE13B0D40 49] iPhoneXR, [000000EFE2A12A00][000000EFE136CE80 49] iPhone11, [000000EFE2983A00][000000EFE13B4FC0 49] iPhone11Pro, [000000EFE2A10F00][000000EFE13B9100 49] iPhone11ProMax, [000000EFE2982300][000000EFE13C1280 49] iPhoneSE2, [000000EFE2A12700][000000EFE13C5400 49] iPhone12Mini, [000000EFE2980700][000000EFE13C9580 49] iPhone12, [000000EFE2A13100][000000EFE13CD700 49] iPhone12Pro, [000000EFE2983500][000000EFE13D1880 49] iPhone12ProMax, [000000EFE2A10800][000000EFE13D5A00 49] iPadPro105, [000000EFE2981C00][000000EFE13D9B80 49] iPadPro129, [000000EFE2A10300][000000EFE13DC180 49] iPadPro97, [000000EFE2981D00][000000EFE13E0300 49] iPadPro2_129, [000000EFE2A10C00][000000EFE13E4480 49] iPad5, [000000EFE2983000][000000EFE13E8600 49] iPad6, [000000EFE2A12C00][000000EFE13EC780 49] iPad7, [000000EFE2982E00][000000EFE13F0900 49] iPad8, [000000EFE2A11800][000000EFE13F4A80 49] iPadPro11, [000000EFE2981B00][000000EFE13F8C00 49] iPadPro2_11, [000000EFE2A11500][000000EFE13FCD80 49] iPadPro3_129, [000000EFE2982700][000000EFE1400F00 49] iPadPro4_129, [000000EFE2A10100][000000EFE13BD040 49] AppleTV, [000000EFE2982B00][000000EFE1405180 49] AppleTV4K, [000000EFE2A11B00][000000EFE14092C0 49] TVOS, [000000EFE2980900][000000EFE1411440 49] Mac, [000000EFE2A11700][000000EFE14155C0 49] MacClient, [000000EFE2982F00][000000EFE1419740 49] MacNoEditor, [000000EFE2A10D00][000000EFE141D8C0 49] MacServer, [000000EFE2980300][000000EFE1421A40 49] Linux, [000000EFE2A12E00][000000EFE1425BC0 49] LinuxAArch64, [000000EFE2981500][000000EFE14281C0 49] LinuxNoEditor, [000000EFE2A12400][000000EFE142C340 49] LinuxAArch64NoEditor, [000000EFE2980200][000000EFE14304C0 49] LinuxClient, [000000EFE2A12D00][000000EFE1434640 49] LinuxAArch64Client, [000000EFE2980C00][000000EFE14387C0 49] LinuxServer, [000000EFE2A10400][000000EFE143C940 49] LinuxAArch64Server, [000000EFE2981000][000000EFE1440AC0 49] Android, [000000EFE29C3900][000000EFE1444C40 49] Android_Low, [000000EFE296DB00][000000EFE1448DC0 49] Android_Mid, [000000EFE29C3000][000000EFE144CF40 49] Android_High, [000000EFE296E300][000000EFE14510C0 49] Android_Default, [000000EFE29C2000][000000EFE140D200 49] Android_Adreno4xx, [000000EFE296C100][000000EFE1455340 49] Android_Adreno5xx_Low, [000000EFE29C0B00][000000EFE1459480 49] Android_Adreno5xx, [000000EFE296D800][000000EFE145D5C0 49] Android_Adreno6xx, [000000EFE29C1100][000000EFE1465740 49] Android_Adreno6xx_Vulkan, [000000EFE296C800][000000EFE14698C0 49] Android_Mali_T6xx, [000000EFE29C3600][000000EFE146DA40 49] Android_Mali_T7xx, [000000EFE296CD00][000000EFE1471BC0 49] Android_Mali_T8xx, [000000EFE29C3C00][000000EFE14741C0 49] Android_Mali_G71, [000000EFE296D500][000000EFE1478340 49] Android_Mali_G72, [000000EFE29C3E00][000000EFE147C4C0 49] Android_Mali_G72_Vulkan, [000000EFE296FD00][000000EFE1480640 49] Android_Mali_G76, [000000EFE29C3A00][000000EFE14847C0 49] Android_Mali_G76_Vulkan, [000000EFE296F600][000000EFE1488940 49] Android_Mali_G77, [000000EFE29C2200][000000EFE148CAC0 49] Android_Mali_G77_Vulkan, [000000EFE296D200][000000EFE1490C40 49] Android_Mali_G78, [000000EFE29C0A00][000000EFE1494DC0 49] Android_Mali_G78_Vulkan, [000000EFE296F000][000000EFE1498F40 49] Android_Mali_G710, [000000EFE29C1400][000000EFE149D0C0 49] Android_Mali_G710_Vulkan, [000000EFE296C700][000000EFE14A1240 49] Android_Vulkan_SM5, [000000EFE29C1800][000000EFE1461380 49] Android_PowerVR_G6xxx, [000000EFE296CE00][000000EFE14A54C0 49] Android_PowerVR_GT7xxx, [000000EFE29C0200][000000EFE14A9600 49] Android_PowerVR_GE8xxx, [000000EFE296C600][000000EFE14AD740 49] Android_PowerVR_GM9xxx, [000000EFE29C2600][000000EFE14B58C0 49] Android_PowerVR_GM9xxx_Vulkan, [000000EFE2980F00][000000EFE14B9A40 49] Android_TegraK1, [000000EFE29C2A00][000000EFE14BDBC0 49] Android_Unknown_Vulkan, [000000EFE2980D00][000000EFE14C01C0 49] Lumin, [000000EFE29C1200][000000EFE14C4340 49] Lumin_Desktop, [000000EFE2980B00][000000EFE14C84C0 49] HoloLens, 
[2022.05.31-06.22.31:724][  0]LogMeshReduction: Using QuadricMeshReduction for automatic static mesh reduction
[2022.05.31-06.22.31:724][  0]LogMeshReduction: Using SimplygonMeshReduction for automatic skeletal mesh reduction
[2022.05.31-06.22.31:724][  0]LogMeshReduction: Using ProxyLODMeshReduction for automatic mesh merging
[2022.05.31-06.22.31:724][  0]LogMeshReduction: No distributed automatic mesh merging module available
[2022.05.31-06.22.31:725][  0]LogMeshMerging: No distributed automatic mesh merging module available
[2022.05.31-06.22.31:743][  0]LogNetVersion: P_TP2_00 1.0.0, NetCL: 17155196, EngineNetVer: 17, GameNetVer: 0 (Checksum: 3083662736)
[2022.05.31-06.22.32:259][  0]LogTexture: Default maximum texture size for cubemaps generated from long-lat sources has been changed from 512 to unlimited. In order to preserve old behaiour for '/Engine/MapTemplates/Sky/DaylightAmbientCubemap.DaylightAmbientCubemap', its maximum texture size has been explicitly set to 512.
[2022.05.31-06.22.32:472][  0]LogHMD: PokeAHoleMaterial loaded successfully
[2022.05.31-06.22.32:479][  0]LogUObjectArray: 17178 objects as part of root set at end of initial load.
[2022.05.31-06.22.32:479][  0]LogUObjectAllocator: 4302048 out of 0 bytes used by permanent object pool.
[2022.05.31-06.22.32:479][  0]LogUObjectArray: CloseDisregardForGC: 0/0 objects in disregard for GC pool
[2022.05.31-06.22.32:819][  0]LogNiagaraDebuggerClient: Niagara Debugger Client Initialized | Session: 4819E03E4599457D16FC2792666C1927 | Instance: 88DAB107403D3A57747DDEA1226663CB (NACHOPC-2216).
[2022.05.31-06.22.32:852][  0]LogPython: Using Python 3.7.7
[2022.05.31-06.22.33:587][  0]LogTcpMessaging: Initializing TcpMessaging bridge
[2022.05.31-06.22.33:591][  0]LogUdpMessaging: Initializing bridge on interface 0.0.0.0:0 to multicast group 230.0.0.1:6666.
[2022.05.31-06.22.33:883][  0]SourceControl: Source control is disabled
[2022.05.31-06.22.33:883][  0]SourceControl: Source control is disabled
[2022.05.31-06.22.33:888][  0]SourceControl: Source control is disabled
[2022.05.31-06.22.33:890][  0]SourceControl: Source control is disabled
[2022.05.31-06.22.33:899][  0]SourceControl: Source control is disabled
[2022.05.31-06.22.33:916][  0]LogUProjectInfo: Found projects:
[2022.05.31-06.22.34:033][  0]LogOpenImageDenoise: OIDN starting up
[2022.05.31-06.22.34:076][  0]LogAndroidPermission: UAndroidPermissionCallbackProxy::GetInstance
[2022.05.31-06.22.34:092][  0]LogAudioCaptureCore: Display: No Audio Capture implementations found. Audio input will be silent.
[2022.05.31-06.22.34:092][  0]LogAudioCaptureCore: Display: No Audio Capture implementations found. Audio input will be silent.
[2022.05.31-06.22.34:244][  0]LogCollectionManager: Loaded 0 collections in 0.001471 seconds
[2022.05.31-06.22.34:266][  0]LogFileCache: Scanning file cache for directory 'C:/Users/Nacho/Documents/Unreal Projects/P_TP2_00/Saved/Collections/' took 0.00s
[2022.05.31-06.22.34:266][  0]LogFileCache: Scanning file cache for directory 'C:/Users/Nacho/Documents/Unreal Projects/P_TP2_00/Content/Developers/Nacho/Collections/' took 0.00s
[2022.05.31-06.22.34:266][  0]LogFileCache: Scanning file cache for directory 'C:/Users/Nacho/Documents/Unreal Projects/P_TP2_00/Content/Collections/' took 0.00s
[2022.05.31-06.22.34:266][  0]LogOcInput: OculusInput pre-init called
[2022.05.31-06.22.34:638][  0]LogEngine: Initializing Engine...
[2022.05.31-06.22.35:394][  0]LogHMD: Failed to enumerate extensions. Please check that you have a valid OpenXR runtime installed.
[2022.05.31-06.22.35:424][  0]LogHMD: Failed to initialize OpenVR with code 110
[2022.05.31-06.22.35:444][  0]LogMagicLeap: Warning: VR disabled because ZI is not enabled.  To enable, in the editor, Edit -> Project Settings -> Plugins -> Magic Leap Plugin -> Enable Zero Iteration
[2022.05.31-06.22.35:445][  0]LogStats: UGameplayTagsManager::InitializeManager -  0.000 s
[2022.05.31-06.22.35:597][  0]LogWindowsTextInputMethodSystem: Display: IME system deactivated.
[2022.05.31-06.22.35:598][  0]LogInit: Initializing FReadOnlyCVARCache
[2022.05.31-06.22.35:607][  0]LogAIModule: Creating AISystem for world Untitled
[2022.05.31-06.22.35:625][  0]LogAudio: Display: Initializing Audio Device Manager...
[2022.05.31-06.22.35:628][  0]LogAudio: Display: Loading Default Audio Settings Objects...
[2022.05.31-06.22.35:629][  0]LogAudio: Display: No default SoundConcurrencyObject specified (or failed to load).
[2022.05.31-06.22.35:629][  0]LogAudio: Display: Audio Device Manager Initialized
[2022.05.31-06.22.35:629][  0]LogAudio: Display: Creating Audio Device:                 Id: 1, Scope: Shared, Realtime: True
[2022.05.31-06.22.35:629][  0]LogAudioMixer: Display: Audio Mixer Platform Settings:
[2022.05.31-06.22.35:629][  0]LogAudioMixer: Display: 	Sample Rate:						  48000
[2022.05.31-06.22.35:629][  0]LogAudioMixer: Display: 	Callback Buffer Frame Size Requested: 1024
[2022.05.31-06.22.35:629][  0]LogAudioMixer: Display: 	Callback Buffer Frame Size To Use:	  1024
[2022.05.31-06.22.35:629][  0]LogAudioMixer: Display: 	Number of buffers to queue:			  2
[2022.05.31-06.22.35:629][  0]LogAudioMixer: Display: 	Max Channels (voices):				  32
[2022.05.31-06.22.35:629][  0]LogAudioMixer: Display: 	Number of Async Source Workers:		  0
[2022.05.31-06.22.35:629][  0]LogAudio: Display: AudioDevice MaxSources: 32
[2022.05.31-06.22.35:630][  0]LogAudio: Display: Audio Spatialization Plugin: None (built-in).
[2022.05.31-06.22.35:630][  0]LogAudio: Display: Audio Reverb Plugin: None (built-in).
[2022.05.31-06.22.35:630][  0]LogAudio: Display: Audio Occlusion Plugin: None (built-in).
[2022.05.31-06.22.35:630][  0]LogAudioMixer: Display: Initializing audio mixer.
[2022.05.31-06.22.35:635][  0]LogAudioMixer: Display: 0: FrontLeft
[2022.05.31-06.22.35:635][  0]LogAudioMixer: Display: 1: FrontRight
[2022.05.31-06.22.35:809][  0]LogAudioMixer: Display: Using Audio Device Speakers (Realtek High Definition Audio)
[2022.05.31-06.22.35:815][  0]LogAudioMixer: Display: Initializing Sound Submixes...
[2022.05.31-06.22.35:817][  0]LogAudioMixer: Display: Creating Master Submix 'MasterSubmixDefault'
[2022.05.31-06.22.35:818][  0]LogAudioMixer: Display: Creating Master Submix 'MasterReverbSubmixDefault'
[2022.05.31-06.22.35:819][  0]LogAudioMixer: Display: Creating Master Submix 'MasterEQSubmixDefault'
[2022.05.31-06.22.35:819][  0]LogAudioMixer: FMixerPlatformXAudio2::StartAudioStream() called
[2022.05.31-06.22.35:819][  0]LogAudioMixer: Display: Output buffers initialized: Frames=1024, Channels=2, Samples=2048
[2022.05.31-06.22.35:820][  0]LogAudioMixer: Display: Starting AudioMixerPlatformInterface::RunInternal()
[2022.05.31-06.22.35:820][  0]LogAudioMixer: Display: FMixerPlatformXAudio2::SubmitBuffer() called for the first time
[2022.05.31-06.22.35:820][  0]LogInit: FAudioDevice initialized.
[2022.05.31-06.22.35:820][  0]LogAudio: Display: Audio Device (ID: 1) registered with world 'Untitled'.
[2022.05.31-06.22.35:820][  0]LogNetVersion: Set ProjectVersion to 1.0.0.0. Version Checksum will be recalculated on next use.
[2022.05.31-06.22.37:537][  0]LogDerivedDataCache: Saved boot cache 1.72s 96MB C:/Users/Nacho/AppData/Local/UnrealEngine/4.27/DerivedDataCache/Boot.ddc.
[2022.05.31-06.22.37:537][  0]LogInit: Texture streaming: Enabled
[2022.05.31-06.22.37:547][  0]LogAnalytics: Display: [UEEditor.Rocket.Release] APIServer = https://datarouter.ol.epicgames.com/. AppVersion = 4.27.2-18319896+++UE4+Release-4.27
[2022.05.31-06.22.37:550][  0]LogEngineSessionManager: EngineSessionManager initialized
[2022.05.31-06.22.37:550][  0]LogEditorSessionSummary: Verbose: Initializing EditorSessionSummaryWriter for editor session tracking
[2022.05.31-06.22.37:553][  0]LogEditorSessionSummary: EditorSessionSummaryWriter initialized
[2022.05.31-06.22.37:575][  0]LogInit: Transaction tracking system initialized
[2022.05.31-06.22.37:591][  0]BlueprintLog: New page: Editor Load
[2022.05.31-06.22.37:741][  0]LocalizationService: Localization service is disabled
[2022.05.31-06.22.37:758][  0]TimingProfiler: Initialize
[2022.05.31-06.22.37:758][  0]TimingProfiler: OnSessionChanged
[2022.05.31-06.22.37:758][  0]LoadingProfiler: Initialize
[2022.05.31-06.22.37:758][  0]LoadingProfiler: OnSessionChanged
[2022.05.31-06.22.37:758][  0]NetworkingProfiler: Initialize
[2022.05.31-06.22.37:758][  0]NetworkingProfiler: OnSessionChanged
[2022.05.31-06.22.37:758][  0]MemoryProfiler: Initialize
[2022.05.31-06.22.37:758][  0]MemoryProfiler: OnSessionChanged
[2022.05.31-06.22.38:804][  0]LogCook: Display: CookSettings for Memory: MemoryMaxUsedVirtual 0MiB, MemoryMaxUsedPhysical 16384MiB, MemoryMinFreeVirtual 0MiB, MemoryMinFreePhysical 1024MiB
[2022.05.31-06.22.38:804][  0]LogCook: Display: Mobile HDR setting 1
[2022.05.31-06.22.38:808][  0]LogFileCache: Scanning file cache for directory 'C:/Users/Nacho/Documents/Unreal Projects/P_TP2_00/Content/' took 0.13s
[2022.05.31-06.22.39:302][  0]LogInit: Display: Engine is initialized. Leaving FEngineLoop::Init()
[2022.05.31-06.22.39:306][  0]SourceControl: Source control is disabled
[2022.05.31-06.22.39:306][  0]LogUnrealEdMisc: Loading editor; pre map load, took 13.673
[2022.05.31-06.22.39:307][  0]Cmd: MAP LOAD FILE="../../../../../../Users/Nacho/Documents/Unreal Projects/P_TP2_00/Content/ThirdPersonTemplate/ThirdPersonBP/Maps/ThirdPersonExampleMap.umap" TEMPLATE=0 SHOWPROGRESS=1 FEATURELEVEL=3
[2022.05.31-06.22.39:307][  0]LightingResults: New page: Lighting Build
[2022.05.31-06.22.39:309][  0]LogWorld: UWorld::CleanupWorld for Untitled, bSessionEnded=true, bCleanupResources=true
[2022.05.31-06.22.39:309][  0]LogSlate: InvalidateAllWidgets triggered.  All widgets were invalidated
[2022.05.31-06.22.39:309][  0]MapCheck: New page: Map Check
[2022.05.31-06.22.39:309][  0]LightingResults: New page: Lighting Build
[2022.05.31-06.22.39:317][  0]LogAudio: Display: Audio Device unregistered from world 'None'.
[2022.05.31-06.22.39:320][  0]LogUObjectHash: Compacting FUObjectHashTables data took   1.22ms
[2022.05.31-06.22.53:697][  0]LogAudio: Display: Audio Device (ID: 1) registered with world 'ThirdPersonExampleMap'.
[2022.05.31-06.22.53:698][  0]LogAIModule: Creating AISystem for world ThirdPersonExampleMap
[2022.05.31-06.22.54:217][  0]LogEditorServer: Finished looking for orphan Actors (0.000 secs)
[2022.05.31-06.22.54:268][  0]LogUObjectHash: Compacting FUObjectHashTables data took   1.25ms
[2022.05.31-06.22.54:268][  0]Cmd: MAP CHECKDEP NOCLEARLOG
[2022.05.31-06.22.54:269][  0]MapCheck: Map check complete: 0 Error(s), 0 Warning(s), took 0,17ms to complete.
[2022.05.31-06.22.54:269][  0]LogFileHelpers: Loading map 'ThirdPersonExampleMap' took 14.963
[2022.05.31-06.22.54:270][  0]LogUnrealEdMisc: Total Editor Startup Time, took 28.637
[2022.05.31-06.22.55:407][  0]LogSlate: Updating window title bar state: overlay mode, drag disabled, window buttons hidden, title bar hidden
[2022.05.31-06.22.55:449][  0]LogSlate: Updating window title bar state: overlay mode, drag disabled, window buttons hidden, title bar hidden
[2022.05.31-06.22.55:457][  0]LogSlate: Updating window title bar state: overlay mode, drag disabled, window buttons hidden, title bar hidden
[2022.05.31-06.22.55:464][  0]LogSlate: Updating window title bar state: overlay mode, drag disabled, window buttons hidden, title bar hidden
[2022.05.31-06.22.56:143][  0]LogNativeClassHierarchy: Verbose: Native class hierarchy populated in 0.0114 seconds. Added 3822 classes and 928 folders.
[2022.05.31-06.22.56:368][  0]LogNativeClassHierarchy: Verbose: Native class hierarchy updated for 'WidgetCarousel' in 0.0004 seconds. Added 0 classes and 0 folders.
[2022.05.31-06.22.56:625][  0]LogPakFile: PakFile PrimaryIndexSize=187
[2022.05.31-06.22.56:625][  0]LogPakFile: PakFile PathHashIndexSize=101
[2022.05.31-06.22.56:625][  0]LogPakFile: PakFile FullDirectoryIndexSize=148
[2022.05.31-06.22.56:625][  0]LogShaderLibrary: Display: ShaderCodeLibraryPakFileMountedCallback: PakFile 'C:/Program Files/Epic Games/UE_4.27/FeaturePacks/FP_FirstPerson.upack' (chunk index -1, root 'root:/') mounted
[2022.05.31-06.22.56:625][  0]LogShaderLibrary: Display: ShaderCodeLibraryPakFileMountedCallback: pending pak file info (ChunkID:-1 Root:root:/ File:C:/Program Files/Epic Games/UE_4.27/FeaturePacks/FP_FirstPerson.upack)
[2022.05.31-06.22.56:625][  0]LogPakFile: OnPakFileMounted2Time == 0.000092
[2022.05.31-06.22.56:674][  0]LogPakFile: PakFile PrimaryIndexSize=189
[2022.05.31-06.22.56:674][  0]LogPakFile: PakFile PathHashIndexSize=101
[2022.05.31-06.22.56:674][  0]LogPakFile: PakFile FullDirectoryIndexSize=152
[2022.05.31-06.22.56:674][  0]LogShaderLibrary: Display: ShaderCodeLibraryPakFileMountedCallback: PakFile 'C:/Program Files/Epic Games/UE_4.27/FeaturePacks/FP_FirstPersonBP.upack' (chunk index -1, root 'root:/') mounted
[2022.05.31-06.22.56:674][  0]LogShaderLibrary: Display: ShaderCodeLibraryPakFileMountedCallback: pending pak file info (ChunkID:-1 Root:root:/ File:C:/Program Files/Epic Games/UE_4.27/FeaturePacks/FP_FirstPersonBP.upack)
[2022.05.31-06.22.56:674][  0]LogPakFile: OnPakFileMounted2Time == 0.000060
[2022.05.31-06.22.56:696][  0]LogPakFile: PakFile PrimaryIndexSize=191
[2022.05.31-06.22.56:696][  0]LogPakFile: PakFile PathHashIndexSize=101
[2022.05.31-06.22.56:696][  0]LogPakFile: PakFile FullDirectoryIndexSize=160
[2022.05.31-06.22.56:696][  0]LogShaderLibrary: Display: ShaderCodeLibraryPakFileMountedCallback: PakFile 'C:/Program Files/Epic Games/UE_4.27/FeaturePacks/MobileStarterContent.upack' (chunk index -1, root 'root:/') mounted
[2022.05.31-06.22.56:696][  0]LogShaderLibrary: Display: ShaderCodeLibraryPakFileMountedCallback: pending pak file info (ChunkID:-1 Root:root:/ File:C:/Program Files/Epic Games/UE_4.27/FeaturePacks/MobileStarterContent.upack)
[2022.05.31-06.22.56:696][  0]LogPakFile: OnPakFileMounted2Time == 0.000071
[2022.05.31-06.22.56:728][  0]LogPakFile: PakFile PrimaryIndexSize=185
[2022.05.31-06.22.56:728][  0]LogPakFile: PakFile PathHashIndexSize=101
[2022.05.31-06.22.56:728][  0]LogPakFile: PakFile FullDirectoryIndexSize=148
[2022.05.31-06.22.56:728][  0]LogShaderLibrary: Display: ShaderCodeLibraryPakFileMountedCallback: PakFile 'C:/Program Files/Epic Games/UE_4.27/FeaturePacks/StarterContent.upack' (chunk index -1, root 'root:/') mounted
[2022.05.31-06.22.56:728][  0]LogShaderLibrary: Display: ShaderCodeLibraryPakFileMountedCallback: pending pak file info (ChunkID:-1 Root:root:/ File:C:/Program Files/Epic Games/UE_4.27/FeaturePacks/StarterContent.upack)
[2022.05.31-06.22.56:728][  0]LogPakFile: OnPakFileMounted2Time == 0.000074
[2022.05.31-06.22.56:776][  0]LogPakFile: PakFile PrimaryIndexSize=190
[2022.05.31-06.22.56:776][  0]LogPakFile: PakFile PathHashIndexSize=101
[2022.05.31-06.22.56:776][  0]LogPakFile: PakFile FullDirectoryIndexSize=154
[2022.05.31-06.22.56:776][  0]LogShaderLibrary: Display: ShaderCodeLibraryPakFileMountedCallback: PakFile 'C:/Program Files/Epic Games/UE_4.27/FeaturePacks/TP_2DSideScroller.upack' (chunk index -1, root 'root:/') mounted
[2022.05.31-06.22.56:776][  0]LogShaderLibrary: Display: ShaderCodeLibraryPakFileMountedCallback: pending pak file info (ChunkID:-1 Root:root:/ File:C:/Program Files/Epic Games/UE_4.27/FeaturePacks/TP_2DSideScroller.upack)
[2022.05.31-06.22.56:776][  0]LogPakFile: OnPakFileMounted2Time == 0.000052
[2022.05.31-06.22.56:865][  0]LogPakFile: PakFile PrimaryIndexSize=192
[2022.05.31-06.22.56:865][  0]LogPakFile: PakFile PathHashIndexSize=101
[2022.05.31-06.22.56:865][  0]LogPakFile: PakFile FullDirectoryIndexSize=158
[2022.05.31-06.22.56:865][  0]LogShaderLibrary: Display: ShaderCodeLibraryPakFileMountedCallback: PakFile 'C:/Program Files/Epic Games/UE_4.27/FeaturePacks/TP_2DSideScrollerBP.upack' (chunk index -1, root 'root:/') mounted
[2022.05.31-06.22.56:865][  0]LogShaderLibrary: Display: ShaderCodeLibraryPakFileMountedCallback: pending pak file info (ChunkID:-1 Root:root:/ File:C:/Program Files/Epic Games/UE_4.27/FeaturePacks/TP_2DSideScrollerBP.upack)
[2022.05.31-06.22.56:865][  0]LogPakFile: OnPakFileMounted2Time == 0.000079
[2022.05.31-06.22.56:879][  0]LogPakFile: PakFile PrimaryIndexSize=182
[2022.05.31-06.22.56:879][  0]LogPakFile: PakFile PathHashIndexSize=101
[2022.05.31-06.22.56:879][  0]LogPakFile: PakFile FullDirectoryIndexSize=138
[2022.05.31-06.22.56:879][  0]LogShaderLibrary: Display: ShaderCodeLibraryPakFileMountedCallback: PakFile 'C:/Program Files/Epic Games/UE_4.27/FeaturePacks/TP_Flying.upack' (chunk index -1, root 'root:/') mounted
[2022.05.31-06.22.56:879][  0]LogShaderLibrary: Display: ShaderCodeLibraryPakFileMountedCallback: pending pak file info (ChunkID:-1 Root:root:/ File:C:/Program Files/Epic Games/UE_4.27/FeaturePacks/TP_Flying.upack)
[2022.05.31-06.22.56:879][  0]LogPakFile: OnPakFileMounted2Time == 0.000072
[2022.05.31-06.22.56:903][  0]LogPakFile: PakFile PrimaryIndexSize=184
[2022.05.31-06.22.56:903][  0]LogPakFile: PakFile PathHashIndexSize=101
[2022.05.31-06.22.56:903][  0]LogPakFile: PakFile FullDirectoryIndexSize=142
[2022.05.31-06.22.56:903][  0]LogShaderLibrary: Display: ShaderCodeLibraryPakFileMountedCallback: PakFile 'C:/Program Files/Epic Games/UE_4.27/FeaturePacks/TP_FlyingBP.upack' (chunk index -1, root 'root:/') mounted
[2022.05.31-06.22.56:904][  0]LogShaderLibrary: Display: ShaderCodeLibraryPakFileMountedCallback: pending pak file info (ChunkID:-1 Root:root:/ File:C:/Program Files/Epic Games/UE_4.27/FeaturePacks/TP_FlyingBP.upack)
[2022.05.31-06.22.56:904][  0]LogPakFile: OnPakFileMounted2Time == 0.000072
[2022.05.31-06.22.56:926][  0]LogPakFile: PakFile PrimaryIndexSize=188
[2022.05.31-06.22.56:926][  0]LogPakFile: PakFile PathHashIndexSize=101
[2022.05.31-06.22.56:926][  0]LogPakFile: PakFile FullDirectoryIndexSize=150
[2022.05.31-06.22.56:926][  0]LogShaderLibrary: Display: ShaderCodeLibraryPakFileMountedCallback: PakFile 'C:/Program Files/Epic Games/UE_4.27/FeaturePacks/TP_HandheldARBP.upack' (chunk index -1, root 'root:/') mounted
[2022.05.31-06.22.56:926][  0]LogShaderLibrary: Display: ShaderCodeLibraryPakFileMountedCallback: pending pak file info (ChunkID:-1 Root:root:/ File:C:/Program Files/Epic Games/UE_4.27/FeaturePacks/TP_HandheldARBP.upack)
[2022.05.31-06.22.56:926][  0]LogPakFile: OnPakFileMounted2Time == 0.000077
[2022.05.31-06.22.56:949][  0]LogPakFile: PakFile PrimaryIndexSize=182
[2022.05.31-06.22.56:949][  0]LogPakFile: PakFile PathHashIndexSize=101
[2022.05.31-06.22.56:949][  0]LogPakFile: PakFile FullDirectoryIndexSize=138
[2022.05.31-06.22.56:949][  0]LogShaderLibrary: Display: ShaderCodeLibraryPakFileMountedCallback: PakFile 'C:/Program Files/Epic Games/UE_4.27/FeaturePacks/TP_Puzzle.upack' (chunk index -1, root 'root:/') mounted
[2022.05.31-06.22.56:949][  0]LogShaderLibrary: Display: ShaderCodeLibraryPakFileMountedCallback: pending pak file info (ChunkID:-1 Root:root:/ File:C:/Program Files/Epic Games/UE_4.27/FeaturePacks/TP_Puzzle.upack)
[2022.05.31-06.22.56:950][  0]LogPakFile: OnPakFileMounted2Time == 0.000070
[2022.05.31-06.22.56:966][  0]LogPakFile: PakFile PrimaryIndexSize=184
[2022.05.31-06.22.56:966][  0]LogPakFile: PakFile PathHashIndexSize=101
[2022.05.31-06.22.56:966][  0]LogPakFile: PakFile FullDirectoryIndexSize=142
[2022.05.31-06.22.56:966][  0]LogShaderLibrary: Display: ShaderCodeLibraryPakFileMountedCallback: PakFile 'C:/Program Files/Epic Games/UE_4.27/FeaturePacks/TP_PuzzleBP.upack' (chunk index -1, root 'root:/') mounted
[2022.05.31-06.22.56:966][  0]LogShaderLibrary: Display: ShaderCodeLibraryPakFileMountedCallback: pending pak file info (ChunkID:-1 Root:root:/ File:C:/Program Files/Epic Games/UE_4.27/FeaturePacks/TP_PuzzleBP.upack)
[2022.05.31-06.22.56:966][  0]LogPakFile: OnPakFileMounted2Time == 0.000070
[2022.05.31-06.22.56:989][  0]LogPakFile: PakFile PrimaryIndexSize=183
[2022.05.31-06.22.56:989][  0]LogPakFile: PakFile PathHashIndexSize=101
[2022.05.31-06.22.56:989][  0]LogPakFile: PakFile FullDirectoryIndexSize=140
[2022.05.31-06.22.56:989][  0]LogShaderLibrary: Display: ShaderCodeLibraryPakFileMountedCallback: PakFile 'C:/Program Files/Epic Games/UE_4.27/FeaturePacks/TP_Rolling.upack' (chunk index -1, root 'root:/') mounted
[2022.05.31-06.22.56:989][  0]LogShaderLibrary: Display: ShaderCodeLibraryPakFileMountedCallback: pending pak file info (ChunkID:-1 Root:root:/ File:C:/Program Files/Epic Games/UE_4.27/FeaturePacks/TP_Rolling.upack)
[2022.05.31-06.22.56:989][  0]LogPakFile: OnPakFileMounted2Time == 0.000071
[2022.05.31-06.22.57:148][  0]LogPakFile: PakFile PrimaryIndexSize=185
[2022.05.31-06.22.57:149][  0]LogPakFile: PakFile PathHashIndexSize=101
[2022.05.31-06.22.57:149][  0]LogPakFile: PakFile FullDirectoryIndexSize=144
[2022.05.31-06.22.57:149][  0]LogShaderLibrary: Display: ShaderCodeLibraryPakFileMountedCallback: PakFile 'C:/Program Files/Epic Games/UE_4.27/FeaturePacks/TP_RollingBP.upack' (chunk index -1, root 'root:/') mounted
[2022.05.31-06.22.57:149][  0]LogShaderLibrary: Display: ShaderCodeLibraryPakFileMountedCallback: pending pak file info (ChunkID:-1 Root:root:/ File:C:/Program Files/Epic Games/UE_4.27/FeaturePacks/TP_RollingBP.upack)
[2022.05.31-06.22.57:149][  0]LogPakFile: OnPakFileMounted2Time == 0.000070
[2022.05.31-06.22.57:160][  0]LogPakFile: PakFile PrimaryIndexSize=188
[2022.05.31-06.22.57:160][  0]LogPakFile: PakFile PathHashIndexSize=101
[2022.05.31-06.22.57:160][  0]LogPakFile: PakFile FullDirectoryIndexSize=150
[2022.05.31-06.22.57:160][  0]LogShaderLibrary: Display: ShaderCodeLibraryPakFileMountedCallback: PakFile 'C:/Program Files/Epic Games/UE_4.27/FeaturePacks/TP_SideScroller.upack' (chunk index -1, root 'root:/') mounted
[2022.05.31-06.22.57:160][  0]LogShaderLibrary: Display: ShaderCodeLibraryPakFileMountedCallback: pending pak file info (ChunkID:-1 Root:root:/ File:C:/Program Files/Epic Games/UE_4.27/FeaturePacks/TP_SideScroller.upack)
[2022.05.31-06.22.57:160][  0]LogPakFile: OnPakFileMounted2Time == 0.000076
[2022.05.31-06.22.57:161][  0]LogPakFile: PakFile PrimaryIndexSize=190
[2022.05.31-06.22.57:161][  0]LogPakFile: PakFile PathHashIndexSize=101
[2022.05.31-06.22.57:161][  0]LogPakFile: PakFile FullDirectoryIndexSize=154
[2022.05.31-06.22.57:161][  0]LogShaderLibrary: Display: ShaderCodeLibraryPakFileMountedCallback: PakFile 'C:/Program Files/Epic Games/UE_4.27/FeaturePacks/TP_SideScrollerBP.upack' (chunk index -1, root 'root:/') mounted
[2022.05.31-06.22.57:161][  0]LogShaderLibrary: Display: ShaderCodeLibraryPakFileMountedCallback: pending pak file info (ChunkID:-1 Root:root:/ File:C:/Program Files/Epic Games/UE_4.27/FeaturePacks/TP_SideScrollerBP.upack)
[2022.05.31-06.22.57:161][  0]LogPakFile: OnPakFileMounted2Time == 0.000048
[2022.05.31-06.22.57:187][  0]LogPakFile: PakFile PrimaryIndexSize=187
[2022.05.31-06.22.57:187][  0]LogPakFile: PakFile PathHashIndexSize=101
[2022.05.31-06.22.57:187][  0]LogPakFile: PakFile FullDirectoryIndexSize=148
[2022.05.31-06.22.57:187][  0]LogShaderLibrary: Display: ShaderCodeLibraryPakFileMountedCallback: PakFile 'C:/Program Files/Epic Games/UE_4.27/FeaturePacks/TP_ThirdPerson.upack' (chunk index -1, root 'root:/') mounted
[2022.05.31-06.22.57:187][  0]LogShaderLibrary: Display: ShaderCodeLibraryPakFileMountedCallback: pending pak file info (ChunkID:-1 Root:root:/ File:C:/Program Files/Epic Games/UE_4.27/FeaturePacks/TP_ThirdPerson.upack)
[2022.05.31-06.22.57:187][  0]LogPakFile: OnPakFileMounted2Time == 0.000076
[2022.05.31-06.22.57:217][  0]LogPakFile: PakFile PrimaryIndexSize=189
[2022.05.31-06.22.57:217][  0]LogPakFile: PakFile PathHashIndexSize=101
[2022.05.31-06.22.57:217][  0]LogPakFile: PakFile FullDirectoryIndexSize=152
[2022.05.31-06.22.57:217][  0]LogShaderLibrary: Display: ShaderCodeLibraryPakFileMountedCallback: PakFile 'C:/Program Files/Epic Games/UE_4.27/FeaturePacks/TP_ThirdPersonBP.upack' (chunk index -1, root 'root:/') mounted
[2022.05.31-06.22.57:217][  0]LogShaderLibrary: Display: ShaderCodeLibraryPakFileMountedCallback: pending pak file info (ChunkID:-1 Root:root:/ File:C:/Program Files/Epic Games/UE_4.27/FeaturePacks/TP_ThirdPersonBP.upack)
[2022.05.31-06.22.57:217][  0]LogPakFile: OnPakFileMounted2Time == 0.000077
[2022.05.31-06.22.57:238][  0]LogPakFile: PakFile PrimaryIndexSize=183
[2022.05.31-06.22.57:238][  0]LogPakFile: PakFile PathHashIndexSize=101
[2022.05.31-06.22.57:238][  0]LogPakFile: PakFile FullDirectoryIndexSize=140
[2022.05.31-06.22.57:238][  0]LogShaderLibrary: Display: ShaderCodeLibraryPakFileMountedCallback: PakFile 'C:/Program Files/Epic Games/UE_4.27/FeaturePacks/TP_TopDown.upack' (chunk index -1, root 'root:/') mounted
[2022.05.31-06.22.57:238][  0]LogShaderLibrary: Display: ShaderCodeLibraryPakFileMountedCallback: pending pak file info (ChunkID:-1 Root:root:/ File:C:/Program Files/Epic Games/UE_4.27/FeaturePacks/TP_TopDown.upack)
[2022.05.31-06.22.57:238][  0]LogPakFile: OnPakFileMounted2Time == 0.000081
[2022.05.31-06.22.57:248][  0]LogPakFile: PakFile PrimaryIndexSize=185
[2022.05.31-06.22.57:248][  0]LogPakFile: PakFile PathHashIndexSize=101
[2022.05.31-06.22.57:248][  0]LogPakFile: PakFile FullDirectoryIndexSize=144
[2022.05.31-06.22.57:248][  0]LogShaderLibrary: Display: ShaderCodeLibraryPakFileMountedCallback: PakFile 'C:/Program Files/Epic Games/UE_4.27/FeaturePacks/TP_TopDownBP.upack' (chunk index -1, root 'root:/') mounted
[2022.05.31-06.22.57:248][  0]LogShaderLibrary: Display: ShaderCodeLibraryPakFileMountedCallback: pending pak file info (ChunkID:-1 Root:root:/ File:C:/Program Files/Epic Games/UE_4.27/FeaturePacks/TP_TopDownBP.upack)
[2022.05.31-06.22.57:248][  0]LogPakFile: OnPakFileMounted2Time == 0.000081
[2022.05.31-06.22.57:262][  0]LogPakFile: PakFile PrimaryIndexSize=185
[2022.05.31-06.22.57:262][  0]LogPakFile: PakFile PathHashIndexSize=101
[2022.05.31-06.22.57:262][  0]LogPakFile: PakFile FullDirectoryIndexSize=144
[2022.05.31-06.22.57:262][  0]LogShaderLibrary: Display: ShaderCodeLibraryPakFileMountedCallback: PakFile 'C:/Program Files/Epic Games/UE_4.27/FeaturePacks/TP_TwinStick.upack' (chunk index -1, root 'root:/') mounted
[2022.05.31-06.22.57:262][  0]LogShaderLibrary: Display: ShaderCodeLibraryPakFileMountedCallback: pending pak file info (ChunkID:-1 Root:root:/ File:C:/Program Files/Epic Games/UE_4.27/FeaturePacks/TP_TwinStick.upack)
[2022.05.31-06.22.57:262][  0]LogPakFile: OnPakFileMounted2Time == 0.000078
[2022.05.31-06.22.57:317][  0]LogPakFile: PakFile PrimaryIndexSize=187
[2022.05.31-06.22.57:317][  0]LogPakFile: PakFile PathHashIndexSize=101
[2022.05.31-06.22.57:317][  0]LogPakFile: PakFile FullDirectoryIndexSize=148
[2022.05.31-06.22.57:317][  0]LogShaderLibrary: Display: ShaderCodeLibraryPakFileMountedCallback: PakFile 'C:/Program Files/Epic Games/UE_4.27/FeaturePacks/TP_TwinStickBP.upack' (chunk index -1, root 'root:/') mounted
[2022.05.31-06.22.57:317][  0]LogShaderLibrary: Display: ShaderCodeLibraryPakFileMountedCallback: pending pak file info (ChunkID:-1 Root:root:/ File:C:/Program Files/Epic Games/UE_4.27/FeaturePacks/TP_TwinStickBP.upack)
[2022.05.31-06.22.57:317][  0]LogPakFile: OnPakFileMounted2Time == 0.000071
[2022.05.31-06.22.57:437][  0]LogPakFile: PakFile PrimaryIndexSize=183
[2022.05.31-06.22.57:437][  0]LogPakFile: PakFile PathHashIndexSize=101
[2022.05.31-06.22.57:437][  0]LogPakFile: PakFile FullDirectoryIndexSize=140
[2022.05.31-06.22.57:437][  0]LogShaderLibrary: Display: ShaderCodeLibraryPakFileMountedCallback: PakFile 'C:/Program Files/Epic Games/UE_4.27/FeaturePacks/TP_Vehicle.upack' (chunk index -1, root 'root:/') mounted
[2022.05.31-06.22.57:437][  0]LogShaderLibrary: Display: ShaderCodeLibraryPakFileMountedCallback: pending pak file info (ChunkID:-1 Root:root:/ File:C:/Program Files/Epic Games/UE_4.27/FeaturePacks/TP_Vehicle.upack)
[2022.05.31-06.22.57:437][  0]LogPakFile: OnPakFileMounted2Time == 0.000076
[2022.05.31-06.22.57:462][  0]LogPakFile: PakFile PrimaryIndexSize=186
[2022.05.31-06.22.57:462][  0]LogPakFile: PakFile PathHashIndexSize=101
[2022.05.31-06.22.57:462][  0]LogPakFile: PakFile FullDirectoryIndexSize=146
[2022.05.31-06.22.57:462][  0]LogShaderLibrary: Display: ShaderCodeLibraryPakFileMountedCallback: PakFile 'C:/Program Files/Epic Games/UE_4.27/FeaturePacks/TP_VehicleAdv.upack' (chunk index -1, root 'root:/') mounted
[2022.05.31-06.22.57:462][  0]LogShaderLibrary: Display: ShaderCodeLibraryPakFileMountedCallback: pending pak file info (ChunkID:-1 Root:root:/ File:C:/Program Files/Epic Games/UE_4.27/FeaturePacks/TP_VehicleAdv.upack)
[2022.05.31-06.22.57:462][  0]LogPakFile: OnPakFileMounted2Time == 0.000072
[2022.05.31-06.22.57:475][  0]LogPakFile: PakFile PrimaryIndexSize=188
[2022.05.31-06.22.57:475][  0]LogPakFile: PakFile PathHashIndexSize=101
[2022.05.31-06.22.57:475][  0]LogPakFile: PakFile FullDirectoryIndexSize=150
[2022.05.31-06.22.57:475][  0]LogShaderLibrary: Display: ShaderCodeLibraryPakFileMountedCallback: PakFile 'C:/Program Files/Epic Games/UE_4.27/FeaturePacks/TP_VehicleAdvBP.upack' (chunk index -1, root 'root:/') mounted
[2022.05.31-06.22.57:475][  0]LogShaderLibrary: Display: ShaderCodeLibraryPakFileMountedCallback: pending pak file info (ChunkID:-1 Root:root:/ File:C:/Program Files/Epic Games/UE_4.27/FeaturePacks/TP_VehicleAdvBP.upack)
[2022.05.31-06.22.57:475][  0]LogPakFile: OnPakFileMounted2Time == 0.000074
[2022.05.31-06.22.57:499][  0]LogPakFile: PakFile PrimaryIndexSize=185
[2022.05.31-06.22.57:499][  0]LogPakFile: PakFile PathHashIndexSize=101
[2022.05.31-06.22.57:499][  0]LogPakFile: PakFile FullDirectoryIndexSize=144
[2022.05.31-06.22.57:499][  0]LogShaderLibrary: Display: ShaderCodeLibraryPakFileMountedCallback: PakFile 'C:/Program Files/Epic Games/UE_4.27/FeaturePacks/TP_VehicleBP.upack' (chunk index -1, root 'root:/') mounted
[2022.05.31-06.22.57:499][  0]LogShaderLibrary: Display: ShaderCodeLibraryPakFileMountedCallback: pending pak file info (ChunkID:-1 Root:root:/ File:C:/Program Files/Epic Games/UE_4.27/FeaturePacks/TP_VehicleBP.upack)
[2022.05.31-06.22.57:499][  0]LogPakFile: OnPakFileMounted2Time == 0.000072
[2022.05.31-06.22.57:517][  0]LogPakFile: PakFile PrimaryIndexSize=192
[2022.05.31-06.22.57:517][  0]LogPakFile: PakFile PathHashIndexSize=101
[2022.05.31-06.22.57:517][  0]LogPakFile: PakFile FullDirectoryIndexSize=158
[2022.05.31-06.22.57:517][  0]LogShaderLibrary: Display: ShaderCodeLibraryPakFileMountedCallback: PakFile 'C:/Program Files/Epic Games/UE_4.27/FeaturePacks/TP_VirtualRealityBP.upack' (chunk index -1, root 'root:/') mounted
[2022.05.31-06.22.57:517][  0]LogShaderLibrary: Display: ShaderCodeLibraryPakFileMountedCallback: pending pak file info (ChunkID:-1 Root:root:/ File:C:/Program Files/Epic Games/UE_4.27/FeaturePacks/TP_VirtualRealityBP.upack)
[2022.05.31-06.22.57:517][  0]LogPakFile: OnPakFileMounted2Time == 0.000076
[2022.05.31-06.23.00:938][  0]LogNativeClassHierarchy: Verbose: Native class hierarchy updated for 'AddContentDialog' in 0.0003 seconds. Added 0 classes and 0 folders.
[2022.05.31-06.23.01:163][  0]LogNativeClassHierarchy: Verbose: Native class hierarchy updated for 'SceneOutliner' in 0.0004 seconds. Added 2 classes and 0 folders.
[2022.05.31-06.23.02:405][  0]LogSlate: Took 0.000147 seconds to synchronously load lazily loaded font '../../../Engine/Content/Slate/Fonts/Roboto-Regular.ttf' (155K)
[2022.05.31-06.23.02:441][  0]LogSlate: Took 0.034514 seconds to synchronously load lazily loaded font '../../../Engine/Content/Editor/Slate/Fonts/FontAwesome.ttf' (139K)
[2022.05.31-06.23.02:525][  0]LogSlate: Took 0.000159 seconds to synchronously load lazily loaded font '../../../Engine/Content/Slate/Fonts/Roboto-Bold.ttf' (160K)
[2022.05.31-06.23.03:001][  0]LogRenderer: Reallocating scene render targets to support 1088x372 Format 10 NumSamples 1 (Frame:1).
[2022.05.31-06.23.04:086][  0]LogNativeClassHierarchy: Verbose: Native class hierarchy updated for 'HierarchicalLODOutliner' in 0.0003 seconds. Added 0 classes and 0 folders.
[2022.05.31-06.23.04:086][  0]LogInput: Warning: Action Jump uses invalid key OculusGo_Left_Trigger_Click.
[2022.05.31-06.23.04:086][  0]LogInput: Warning: Action ResetVR uses invalid key OculusGo_Left_Trackpad_Click.
[2022.05.31-06.23.04:086][  0]LogInput: Warning: Use -RemoveInvalidKeys to remove instances of these keys from the action mapping.
[2022.05.31-06.23.04:086][  0]LogLoad: (Engine Initialization) Total time: 38.45 seconds
[2022.05.31-06.23.04:086][  0]LogLoad: (Engine Initialization) Total Blueprint compile time: 0.00 seconds
[2022.05.31-06.23.04:248][  0]LogAssetRegistry: Asset discovery search completed in 33.0163 seconds
[2022.05.31-06.23.04:254][  0]LogCollectionManager: Fixed up redirectors for 0 collections in 0.000003 seconds (updated 0 objects)
[2022.05.31-06.23.04:257][  0]LogContentStreaming: Texture pool size now 1000 MB
[2022.05.31-06.23.04:764][  2]LogSlate: Took 0.019554 seconds to synchronously load lazily loaded font '../../../Engine/Content/Slate/Fonts/Roboto-Light.ttf' (167K)
[2022.05.31-06.23.37:611][900]LogHttp: Warning: 000000EF8D62B200: invalid HTTP response code received. URL: https://datarouter.ol.epicgames.com/datarouter/api/v1/public/data?SessionID=%7B6A550315-4557-5601-D751-9A966DCCC2B9%7D&AppID=UEEditor.Rocket.Release&AppVersion=4.27.2-18319896%2B%2B%2BUE4%2BRelease-4.27&UserID=5e78ddd745773da67765488d4fe38618%7C4d4ec3602c5e498ab8fa6d2ef837052b%7C2a42ac4e-8271-42e2-a213-692411e423fe&AppEnvironment=datacollector-binary&UploadType=eteventstream, HTTP code: 0, content length: 0, actual payload size: 0
[2022.05.31-06.23.37:611][900]LogHttp: Warning: 000000EF8D62B200: request failed, libcurl error: 6 (Couldn't resolve host name)
[2022.05.31-06.23.37:611][900]LogHttp: Warning: 000000EF8D62B200: libcurl info message cache 0 (Could not resolve host: datarouter.ol.epicgames.com)
[2022.05.31-06.23.37:611][900]LogHttp: Warning: 000000EF8D62B200: libcurl info message cache 1 (Closing connection 0)
[2022.05.31-06.23.37:611][900]LogHttp: Warning: Retry exhausted on https://datarouter.ol.epicgames.com/datarouter/api/v1/public/data?SessionID=%7B6A550315-4557-5601-D751-9A966DCCC2B9%7D&AppID=UEEditor.Rocket.Release&AppVersion=4.27.2-18319896%2B%2B%2BUE4%2BRelease-4.27&UserID=5e78ddd745773da67765488d4fe38618%7C4d4ec3602c5e498ab8fa6d2ef837052b%7C2a42ac4e-8271-42e2-a213-692411e423fe&AppEnvironment=datacollector-binary&UploadType=eteventstream
